{"/Users/goorlavi/workspace/IShabat/App/index.js": {"path":"/Users/goorlavi/workspace/IShabat/App/index.js","statementMap":{"0":{"start":{"line":13,"column":19},"end":{"line":13,"column":49}},"1":{"start":{"line":13,"column":33},"end":{"line":13,"column":44}},"2":{"start":{"line":15,"column":40},"end":{"line":15,"column":54}},"3":{"start":{"line":17,"column":26},"end":{"line":20,"column":6}},"4":{"start":{"line":22,"column":4},"end":{"line":24,"column":11}},"5":{"start":{"line":23,"column":8},"end":{"line":23,"column":27}},"6":{"start":{"line":26,"column":4},"end":{"line":40,"column":7}}},"fnMap":{"0":{"name":"(anonymous_0)","decl":{"start":{"line":12,"column":15},"end":{"line":12,"column":16}},"loc":{"start":{"line":12,"column":21},"end":{"line":42,"column":1}},"line":12},"1":{"name":"(anonymous_1)","decl":{"start":{"line":13,"column":27},"end":{"line":13,"column":28}},"loc":{"start":{"line":13,"column":33},"end":{"line":13,"column":44}},"line":13},"2":{"name":"(anonymous_2)","decl":{"start":{"line":22,"column":14},"end":{"line":22,"column":15}},"loc":{"start":{"line":22,"column":20},"end":{"line":24,"column":5}},"line":22}},"branchMap":{"0":{"loc":{"start":{"line":33,"column":24},"end":{"line":35,"column":41}},"type":"cond-expr","locations":[{"start":{"line":34,"column":28},"end":{"line":34,"column":55}},{"start":{"line":35,"column":28},"end":{"line":35,"column":41}}],"line":33},"1":{"loc":{"start":{"line":33,"column":25},"end":{"line":33,"column":48}},"type":"binary-expr","locations":[{"start":{"line":33,"column":25},"end":{"line":33,"column":32}},{"start":{"line":33,"column":36},"end":{"line":33,"column":48}}],"line":33}},"s":{"0":0,"1":0,"2":0,"3":0,"4":0,"5":0,"6":0},"f":{"0":0,"1":0,"2":0},"b":{"0":[0,0],"1":[0,0]}}
,"/Users/goorlavi/workspace/IShabat/App/styles.js": {"path":"/Users/goorlavi/workspace/IShabat/App/styles.js","statementMap":{"0":{"start":{"line":5,"column":4},"end":{"line":14,"column":7}}},"fnMap":{"0":{"name":"(anonymous_0)","decl":{"start":{"line":4,"column":15},"end":{"line":4,"column":16}},"loc":{"start":{"line":4,"column":28},"end":{"line":15,"column":1}},"line":4}},"branchMap":{"0":{"loc":{"start":{"line":4,"column":16},"end":{"line":4,"column":23}},"type":"default-arg","locations":[{"start":{"line":4,"column":21},"end":{"line":4,"column":23}}],"line":4}},"s":{"0":0},"f":{"0":0},"b":{"0":[0]}}
,"/Users/goorlavi/workspace/IShabat/App/MasterView/MasterView.jsx": {"path":"/Users/goorlavi/workspace/IShabat/App/MasterView/MasterView.jsx","statementMap":{"0":{"start":{"line":11,"column":14},"end":{"line":11,"column":36}},"1":{"start":{"line":14,"column":17},"end":{"line":14,"column":47}},"2":{"start":{"line":14,"column":31},"end":{"line":14,"column":42}},"3":{"start":{"line":15,"column":26},"end":{"line":15,"column":35}},"4":{"start":{"line":17,"column":23},"end":{"line":17,"column":55}},"5":{"start":{"line":19,"column":2},"end":{"line":34,"column":4}}},"fnMap":{"0":{"name":"MasterView","decl":{"start":{"line":13,"column":29},"end":{"line":13,"column":39}},"loc":{"start":{"line":13,"column":44},"end":{"line":35,"column":1}},"line":13},"1":{"name":"(anonymous_1)","decl":{"start":{"line":14,"column":25},"end":{"line":14,"column":26}},"loc":{"start":{"line":14,"column":31},"end":{"line":14,"column":42}},"line":14}},"branchMap":{"0":{"loc":{"start":{"line":17,"column":23},"end":{"line":17,"column":55}},"type":"cond-expr","locations":[{"start":{"line":17,"column":37},"end":{"line":17,"column":43}},{"start":{"line":17,"column":46},"end":{"line":17,"column":55}}],"line":17}},"s":{"0":0,"1":0,"2":0,"3":0,"4":0,"5":0},"f":{"0":0,"1":0},"b":{"0":[0,0]}}
,"/Users/goorlavi/workspace/IShabat/App/MasterView/styles.js": {"path":"/Users/goorlavi/workspace/IShabat/App/MasterView/styles.js","statementMap":{"0":{"start":{"line":5,"column":4},"end":{"line":15,"column":7}}},"fnMap":{"0":{"name":"(anonymous_0)","decl":{"start":{"line":4,"column":15},"end":{"line":4,"column":16}},"loc":{"start":{"line":4,"column":28},"end":{"line":16,"column":1}},"line":4}},"branchMap":{"0":{"loc":{"start":{"line":4,"column":16},"end":{"line":4,"column":23}},"type":"default-arg","locations":[{"start":{"line":4,"column":21},"end":{"line":4,"column":23}}],"line":4}},"s":{"0":0},"f":{"0":0},"b":{"0":[0]}}
,"/Users/goorlavi/workspace/IShabat/App/MasterView/containers/Home/Home.jsx": {"path":"/Users/goorlavi/workspace/IShabat/App/MasterView/containers/Home/Home.jsx","statementMap":{"0":{"start":{"line":19,"column":17},"end":{"line":19,"column":47}},"1":{"start":{"line":19,"column":31},"end":{"line":19,"column":42}},"2":{"start":{"line":20,"column":24},"end":{"line":20,"column":38}},"3":{"start":{"line":21,"column":19},"end":{"line":21,"column":28}},"4":{"start":{"line":23,"column":2},"end":{"line":61,"column":4}},"5":{"start":{"line":35,"column":23},"end":{"line":35,"column":54}}},"fnMap":{"0":{"name":"Home","decl":{"start":{"line":18,"column":24},"end":{"line":18,"column":28}},"loc":{"start":{"line":18,"column":45},"end":{"line":62,"column":1}},"line":18},"1":{"name":"(anonymous_1)","decl":{"start":{"line":19,"column":25},"end":{"line":19,"column":26}},"loc":{"start":{"line":19,"column":31},"end":{"line":19,"column":42}},"line":19},"2":{"name":"(anonymous_2)","decl":{"start":{"line":35,"column":17},"end":{"line":35,"column":18}},"loc":{"start":{"line":35,"column":23},"end":{"line":35,"column":54}},"line":35}},"branchMap":{"0":{"loc":{"start":{"line":41,"column":18},"end":{"line":41,"column":62}},"type":"cond-expr","locations":[{"start":{"line":41,"column":42},"end":{"line":41,"column":51}},{"start":{"line":41,"column":54},"end":{"line":41,"column":62}}],"line":41}},"s":{"0":0,"1":0,"2":0,"3":0,"4":0,"5":0},"f":{"0":0,"1":0,"2":0},"b":{"0":[0,0]}}
,"/Users/goorlavi/workspace/IShabat/App/MasterView/containers/Home/constants.js": {"path":"/Users/goorlavi/workspace/IShabat/App/MasterView/containers/Home/constants.js","statementMap":{"0":{"start":{"line":1,"column":21},"end":{"line":5,"column":1}}},"fnMap":{},"branchMap":{},"s":{"0":0},"f":{},"b":{}}
,"/Users/goorlavi/workspace/IShabat/App/MasterView/containers/Home/styles.js": {"path":"/Users/goorlavi/workspace/IShabat/App/MasterView/containers/Home/styles.js","statementMap":{"0":{"start":{"line":5,"column":32},"end":{"line":5,"column":34}},"1":{"start":{"line":6,"column":31},"end":{"line":6,"column":33}},"2":{"start":{"line":8,"column":36},"end":{"line":8,"column":71}},"3":{"start":{"line":9,"column":29},"end":{"line":9,"column":31}},"4":{"start":{"line":11,"column":2},"end":{"line":104,"column":5}}},"fnMap":{"0":{"name":"(anonymous_0)","decl":{"start":{"line":4,"column":15},"end":{"line":4,"column":16}},"loc":{"start":{"line":4,"column":28},"end":{"line":105,"column":1}},"line":4}},"branchMap":{"0":{"loc":{"start":{"line":4,"column":16},"end":{"line":4,"column":23}},"type":"default-arg","locations":[{"start":{"line":4,"column":21},"end":{"line":4,"column":23}}],"line":4}},"s":{"0":0,"1":0,"2":0,"3":0,"4":0},"f":{"0":0},"b":{"0":[0]}}
,"/Users/goorlavi/workspace/IShabat/App/MasterView/containers/Home/components/InfoCard/InfoCard.jsx": {"path":"/Users/goorlavi/workspace/IShabat/App/MasterView/containers/Home/components/InfoCard/InfoCard.jsx","statementMap":{"0":{"start":{"line":11,"column":19},"end":{"line":11,"column":30}},"1":{"start":{"line":13,"column":24},"end":{"line":13,"column":38}},"2":{"start":{"line":14,"column":19},"end":{"line":14,"column":28}},"3":{"start":{"line":16,"column":4},"end":{"line":28,"column":11}}},"fnMap":{"0":{"name":"(anonymous_0)","decl":{"start":{"line":9,"column":15},"end":{"line":9,"column":16}},"loc":{"start":{"line":9,"column":21},"end":{"line":29,"column":1}},"line":9}},"branchMap":{},"s":{"0":0,"1":0,"2":0,"3":0},"f":{"0":0},"b":{}}
,"/Users/goorlavi/workspace/IShabat/App/MasterView/containers/Home/components/InfoCard/constants.js": {"path":"/Users/goorlavi/workspace/IShabat/App/MasterView/containers/Home/components/InfoCard/constants.js","statementMap":{"0":{"start":{"line":1,"column":21},"end":{"line":5,"column":1}}},"fnMap":{},"branchMap":{},"s":{"0":0},"f":{},"b":{}}
,"/Users/goorlavi/workspace/IShabat/App/MasterView/containers/Home/components/InfoCard/styles.js": {"path":"/Users/goorlavi/workspace/IShabat/App/MasterView/containers/Home/components/InfoCard/styles.js","statementMap":{"0":{"start":{"line":7,"column":4},"end":{"line":59,"column":7}}},"fnMap":{"0":{"name":"(anonymous_0)","decl":{"start":{"line":5,"column":15},"end":{"line":5,"column":16}},"loc":{"start":{"line":5,"column":28},"end":{"line":60,"column":1}},"line":5}},"branchMap":{"0":{"loc":{"start":{"line":5,"column":16},"end":{"line":5,"column":23}},"type":"default-arg","locations":[{"start":{"line":5,"column":21},"end":{"line":5,"column":23}}],"line":5}},"s":{"0":0},"f":{"0":0},"b":{"0":[0]}}
,"/Users/goorlavi/workspace/IShabat/App/MasterView/containers/Home/components/InfoCard/utils.js": {"path":"/Users/goorlavi/workspace/IShabat/App/MasterView/containers/Home/components/InfoCard/utils.js","statementMap":{"0":{"start":{"line":1,"column":26},"end":{"line":1,"column":77}},"1":{"start":{"line":1,"column":34},"end":{"line":1,"column":77}}},"fnMap":{"0":{"name":"(anonymous_0)","decl":{"start":{"line":1,"column":26},"end":{"line":1,"column":27}},"loc":{"start":{"line":1,"column":34},"end":{"line":1,"column":77}},"line":1}},"branchMap":{"0":{"loc":{"start":{"line":1,"column":35},"end":{"line":1,"column":45}},"type":"binary-expr","locations":[{"start":{"line":1,"column":35},"end":{"line":1,"column":39}},{"start":{"line":1,"column":43},"end":{"line":1,"column":45}}],"line":1}},"s":{"0":0,"1":0},"f":{"0":0},"b":{"0":[0,0]}}
,"/Users/goorlavi/workspace/IShabat/App/MasterView/containers/Home/components/RemindersList/RemindersList.jsx": {"path":"/Users/goorlavi/workspace/IShabat/App/MasterView/containers/Home/components/RemindersList/RemindersList.jsx","statementMap":{"0":{"start":{"line":11,"column":17},"end":{"line":11,"column":28}},"1":{"start":{"line":12,"column":52},"end":{"line":12,"column":67}},"2":{"start":{"line":15,"column":4},"end":{"line":15,"column":18}},"3":{"start":{"line":17,"column":24},"end":{"line":17,"column":36}},"4":{"start":{"line":19,"column":34},"end":{"line":21,"column":8}},"5":{"start":{"line":20,"column":4},"end":{"line":20,"column":31}},"6":{"start":{"line":23,"column":34},"end":{"line":25,"column":8}},"7":{"start":{"line":24,"column":4},"end":{"line":24,"column":32}},"8":{"start":{"line":27,"column":24},"end":{"line":36,"column":3}},"9":{"start":{"line":29,"column":6},"end":{"line":29,"column":36}},"10":{"start":{"line":29,"column":29},"end":{"line":29,"column":36}},"11":{"start":{"line":32,"column":6},"end":{"line":32,"column":35}},"12":{"start":{"line":33,"column":6},"end":{"line":33,"column":34}},"13":{"start":{"line":38,"column":2},"end":{"line":75,"column":4}},"14":{"start":{"line":51,"column":14},"end":{"line":51,"column":71}},"15":{"start":{"line":55,"column":14},"end":{"line":58,"column":16}}},"fnMap":{"0":{"name":"ReminderList","decl":{"start":{"line":10,"column":24},"end":{"line":10,"column":36}},"loc":{"start":{"line":10,"column":39},"end":{"line":76,"column":1}},"line":10},"1":{"name":"(anonymous_1)","decl":{"start":{"line":19,"column":46},"end":{"line":19,"column":47}},"loc":{"start":{"line":19,"column":52},"end":{"line":21,"column":3}},"line":19},"2":{"name":"(anonymous_2)","decl":{"start":{"line":23,"column":46},"end":{"line":23,"column":47}},"loc":{"start":{"line":23,"column":52},"end":{"line":25,"column":3}},"line":23},"3":{"name":"(anonymous_3)","decl":{"start":{"line":28,"column":4},"end":{"line":28,"column":5}},"loc":{"start":{"line":28,"column":18},"end":{"line":34,"column":5}},"line":28},"4":{"name":"(anonymous_4)","decl":{"start":{"line":50,"column":33},"end":{"line":50,"column":34}},"loc":{"start":{"line":50,"column":39},"end":{"line":52,"column":13}},"line":50},"5":{"name":"(anonymous_5)","decl":{"start":{"line":54,"column":27},"end":{"line":54,"column":28}},"loc":{"start":{"line":55,"column":14},"end":{"line":58,"column":16}},"line":55}},"branchMap":{"0":{"loc":{"start":{"line":29,"column":6},"end":{"line":29,"column":36}},"type":"if","locations":[{"start":{"line":29,"column":6},"end":{"line":29,"column":36}},{"start":{},"end":{}}],"line":29},"1":{"loc":{"start":{"line":40,"column":7},"end":{"line":62,"column":7}},"type":"binary-expr","locations":[{"start":{"line":40,"column":7},"end":{"line":40,"column":26}},{"start":{"line":41,"column":8},"end":{"line":61,"column":15}}],"line":40}},"s":{"0":0,"1":0,"2":0,"3":0,"4":0,"5":0,"6":0,"7":0,"8":0,"9":0,"10":0,"11":0,"12":0,"13":0,"14":0,"15":0},"f":{"0":0,"1":0,"2":0,"3":0,"4":0,"5":0},"b":{"0":[0,0],"1":[0,0]}}
,"/Users/goorlavi/workspace/IShabat/App/MasterView/containers/Home/components/RemindersList/constants.js": {"path":"/Users/goorlavi/workspace/IShabat/App/MasterView/containers/Home/components/RemindersList/constants.js","statementMap":{"0":{"start":{"line":1,"column":21},"end":{"line":3,"column":1}}},"fnMap":{},"branchMap":{},"s":{"0":0},"f":{},"b":{}}
,"/Users/goorlavi/workspace/IShabat/App/MasterView/containers/Home/components/RemindersList/styles.js": {"path":"/Users/goorlavi/workspace/IShabat/App/MasterView/containers/Home/components/RemindersList/styles.js","statementMap":{"0":{"start":{"line":5,"column":2},"end":{"line":49,"column":5}}},"fnMap":{"0":{"name":"(anonymous_0)","decl":{"start":{"line":4,"column":15},"end":{"line":4,"column":16}},"loc":{"start":{"line":4,"column":28},"end":{"line":50,"column":1}},"line":4}},"branchMap":{"0":{"loc":{"start":{"line":4,"column":16},"end":{"line":4,"column":23}},"type":"default-arg","locations":[{"start":{"line":4,"column":21},"end":{"line":4,"column":23}}],"line":4}},"s":{"0":0},"f":{"0":0},"b":{"0":[0]}}
,"/Users/goorlavi/workspace/IShabat/App/MasterView/containers/Home/components/RemindersList/components/AddTask/AddTask.jsx": {"path":"/Users/goorlavi/workspace/IShabat/App/MasterView/containers/Home/components/RemindersList/components/AddTask/AddTask.jsx","statementMap":{"0":{"start":{"line":9,"column":19},"end":{"line":9,"column":30}},"1":{"start":{"line":11,"column":4},"end":{"line":17,"column":11}}},"fnMap":{"0":{"name":"AddTask","decl":{"start":{"line":7,"column":24},"end":{"line":7,"column":31}},"loc":{"start":{"line":7,"column":50},"end":{"line":19,"column":1}},"line":7}},"branchMap":{},"s":{"0":0,"1":0},"f":{"0":0},"b":{}}
,"/Users/goorlavi/workspace/IShabat/App/MasterView/containers/Home/components/RemindersList/components/AddTask/constants.js": {"path":"/Users/goorlavi/workspace/IShabat/App/MasterView/containers/Home/components/RemindersList/components/AddTask/constants.js","statementMap":{"0":{"start":{"line":1,"column":21},"end":{"line":3,"column":1}}},"fnMap":{},"branchMap":{},"s":{"0":0},"f":{},"b":{}}
,"/Users/goorlavi/workspace/IShabat/App/MasterView/containers/Home/components/RemindersList/components/AddTask/styles.js": {"path":"/Users/goorlavi/workspace/IShabat/App/MasterView/containers/Home/components/RemindersList/components/AddTask/styles.js","statementMap":{"0":{"start":{"line":5,"column":2},"end":{"line":41,"column":5}}},"fnMap":{"0":{"name":"(anonymous_0)","decl":{"start":{"line":4,"column":15},"end":{"line":4,"column":16}},"loc":{"start":{"line":4,"column":21},"end":{"line":42,"column":1}},"line":4}},"branchMap":{},"s":{"0":0},"f":{"0":0},"b":{}}
,"/Users/goorlavi/workspace/IShabat/App/MasterView/containers/Home/components/RemindersList/components/FloatingTaskInput/FloatingTaskInput.jsx": {"path":"/Users/goorlavi/workspace/IShabat/App/MasterView/containers/Home/components/RemindersList/components/FloatingTaskInput/FloatingTaskInput.jsx","statementMap":{"0":{"start":{"line":17,"column":17},"end":{"line":17,"column":28}},"1":{"start":{"line":18,"column":34},"end":{"line":18,"column":46}},"2":{"start":{"line":19,"column":48},"end":{"line":19,"column":63}},"3":{"start":{"line":20,"column":19},"end":{"line":20,"column":31}},"4":{"start":{"line":21,"column":20},"end":{"line":21,"column":57}},"5":{"start":{"line":24,"column":2},"end":{"line":38,"column":9}},"6":{"start":{"line":25,"column":29},"end":{"line":28,"column":5}},"7":{"start":{"line":27,"column":12},"end":{"line":27,"column":36}},"8":{"start":{"line":29,"column":29},"end":{"line":32,"column":5}},"9":{"start":{"line":31,"column":12},"end":{"line":31,"column":37}},"10":{"start":{"line":34,"column":4},"end":{"line":37,"column":6}},"11":{"start":{"line":35,"column":6},"end":{"line":35,"column":32}},"12":{"start":{"line":36,"column":6},"end":{"line":36,"column":32}},"13":{"start":{"line":41,"column":2},"end":{"line":58,"column":27}},"14":{"start":{"line":42,"column":4},"end":{"line":46,"column":15}},"15":{"start":{"line":48,"column":4},"end":{"line":57,"column":5}},"16":{"start":{"line":50,"column":6},"end":{"line":52,"column":14}},"17":{"start":{"line":51,"column":8},"end":{"line":51,"column":34}},"18":{"start":{"line":55,"column":6},"end":{"line":55,"column":22}},"19":{"start":{"line":56,"column":6},"end":{"line":56,"column":31}},"20":{"start":{"line":60,"column":20},"end":{"line":67,"column":37}},"21":{"start":{"line":61,"column":4},"end":{"line":66,"column":5}},"22":{"start":{"line":62,"column":6},"end":{"line":62,"column":33}},"23":{"start":{"line":63,"column":6},"end":{"line":63,"column":22}},"24":{"start":{"line":64,"column":6},"end":{"line":64,"column":25}},"25":{"start":{"line":65,"column":6},"end":{"line":65,"column":19}},"26":{"start":{"line":69,"column":23},"end":{"line":73,"column":16}},"27":{"start":{"line":70,"column":4},"end":{"line":70,"column":20}},"28":{"start":{"line":71,"column":4},"end":{"line":71,"column":23}},"29":{"start":{"line":72,"column":4},"end":{"line":72,"column":17}},"30":{"start":{"line":76,"column":2},"end":{"line":78,"column":3}},"31":{"start":{"line":77,"column":4},"end":{"line":77,"column":16}},"32":{"start":{"line":80,"column":21},"end":{"line":83,"column":4}},"33":{"start":{"line":85,"column":2},"end":{"line":124,"column":4}}},"fnMap":{"0":{"name":"FloatingTaskInput","decl":{"start":{"line":16,"column":24},"end":{"line":16,"column":41}},"loc":{"start":{"line":16,"column":76},"end":{"line":125,"column":1}},"line":16},"1":{"name":"(anonymous_1)","decl":{"start":{"line":24,"column":12},"end":{"line":24,"column":13}},"loc":{"start":{"line":24,"column":18},"end":{"line":38,"column":3}},"line":24},"2":{"name":"(anonymous_2)","decl":{"start":{"line":27,"column":6},"end":{"line":27,"column":7}},"loc":{"start":{"line":27,"column":12},"end":{"line":27,"column":36}},"line":27},"3":{"name":"(anonymous_3)","decl":{"start":{"line":31,"column":6},"end":{"line":31,"column":7}},"loc":{"start":{"line":31,"column":12},"end":{"line":31,"column":37}},"line":31},"4":{"name":"(anonymous_4)","decl":{"start":{"line":34,"column":11},"end":{"line":34,"column":12}},"loc":{"start":{"line":34,"column":17},"end":{"line":37,"column":5}},"line":34},"5":{"name":"(anonymous_5)","decl":{"start":{"line":41,"column":12},"end":{"line":41,"column":13}},"loc":{"start":{"line":41,"column":18},"end":{"line":58,"column":3}},"line":41},"6":{"name":"(anonymous_6)","decl":{"start":{"line":50,"column":17},"end":{"line":50,"column":18}},"loc":{"start":{"line":50,"column":23},"end":{"line":52,"column":7}},"line":50},"7":{"name":"(anonymous_7)","decl":{"start":{"line":60,"column":32},"end":{"line":60,"column":33}},"loc":{"start":{"line":60,"column":38},"end":{"line":67,"column":3}},"line":60},"8":{"name":"(anonymous_8)","decl":{"start":{"line":69,"column":35},"end":{"line":69,"column":36}},"loc":{"start":{"line":69,"column":41},"end":{"line":73,"column":3}},"line":69}},"branchMap":{"0":{"loc":{"start":{"line":26,"column":6},"end":{"line":26,"column":68}},"type":"cond-expr","locations":[{"start":{"line":26,"column":30},"end":{"line":26,"column":48}},{"start":{"line":26,"column":51},"end":{"line":26,"column":68}}],"line":26},"1":{"loc":{"start":{"line":30,"column":6},"end":{"line":30,"column":68}},"type":"cond-expr","locations":[{"start":{"line":30,"column":30},"end":{"line":30,"column":48}},{"start":{"line":30,"column":51},"end":{"line":30,"column":68}}],"line":30},"2":{"loc":{"start":{"line":43,"column":15},"end":{"line":43,"column":30}},"type":"cond-expr","locations":[{"start":{"line":43,"column":25},"end":{"line":43,"column":26}},{"start":{"line":43,"column":29},"end":{"line":43,"column":30}}],"line":43},"3":{"loc":{"start":{"line":48,"column":4},"end":{"line":57,"column":5}},"type":"if","locations":[{"start":{"line":48,"column":4},"end":{"line":57,"column":5}},{"start":{"line":53,"column":11},"end":{"line":57,"column":5}}],"line":48},"4":{"loc":{"start":{"line":61,"column":4},"end":{"line":66,"column":5}},"type":"if","locations":[{"start":{"line":61,"column":4},"end":{"line":66,"column":5}},{"start":{},"end":{}}],"line":61},"5":{"loc":{"start":{"line":76,"column":2},"end":{"line":78,"column":3}},"type":"if","locations":[{"start":{"line":76,"column":2},"end":{"line":78,"column":3}},{"start":{},"end":{}}],"line":76},"6":{"loc":{"start":{"line":96,"column":18},"end":{"line":96,"column":62}},"type":"cond-expr","locations":[{"start":{"line":96,"column":42},"end":{"line":96,"column":51}},{"start":{"line":96,"column":54},"end":{"line":96,"column":62}}],"line":96}},"s":{"0":0,"1":0,"2":0,"3":0,"4":0,"5":0,"6":0,"7":0,"8":0,"9":0,"10":0,"11":0,"12":0,"13":0,"14":0,"15":0,"16":0,"17":0,"18":0,"19":0,"20":0,"21":0,"22":0,"23":0,"24":0,"25":0,"26":0,"27":0,"28":0,"29":0,"30":0,"31":0,"32":0,"33":0},"f":{"0":0,"1":0,"2":0,"3":0,"4":0,"5":0,"6":0,"7":0,"8":0},"b":{"0":[0,0],"1":[0,0],"2":[0,0],"3":[0,0],"4":[0,0],"5":[0,0],"6":[0,0]}}
,"/Users/goorlavi/workspace/IShabat/App/MasterView/containers/Home/components/RemindersList/components/FloatingTaskInput/constants.js": {"path":"/Users/goorlavi/workspace/IShabat/App/MasterView/containers/Home/components/RemindersList/components/FloatingTaskInput/constants.js","statementMap":{"0":{"start":{"line":1,"column":21},"end":{"line":5,"column":1}}},"fnMap":{},"branchMap":{},"s":{"0":0},"f":{},"b":{}}
,"/Users/goorlavi/workspace/IShabat/App/MasterView/containers/Home/components/RemindersList/components/FloatingTaskInput/styles.js": {"path":"/Users/goorlavi/workspace/IShabat/App/MasterView/containers/Home/components/RemindersList/components/FloatingTaskInput/styles.js","statementMap":{"0":{"start":{"line":5,"column":2},"end":{"line":76,"column":5}}},"fnMap":{"0":{"name":"(anonymous_0)","decl":{"start":{"line":4,"column":15},"end":{"line":4,"column":16}},"loc":{"start":{"line":4,"column":21},"end":{"line":77,"column":1}},"line":4}},"branchMap":{"0":{"loc":{"start":{"line":16,"column":21},"end":{"line":16,"column":52}},"type":"cond-expr","locations":[{"start":{"line":16,"column":45},"end":{"line":16,"column":47}},{"start":{"line":16,"column":50},"end":{"line":16,"column":52}}],"line":16}},"s":{"0":0},"f":{"0":0},"b":{"0":[0,0]}}
,"/Users/goorlavi/workspace/IShabat/App/MasterView/containers/Home/components/RemindersList/components/Reminder/Reminder.jsx": {"path":"/Users/goorlavi/workspace/IShabat/App/MasterView/containers/Home/components/RemindersList/components/Reminder/Reminder.jsx","statementMap":{"0":{"start":{"line":9,"column":40},"end":{"line":9,"column":48}},"1":{"start":{"line":10,"column":17},"end":{"line":10,"column":47}},"2":{"start":{"line":12,"column":23},"end":{"line":17,"column":3}},"3":{"start":{"line":14,"column":6},"end":{"line":14,"column":42}},"4":{"start":{"line":19,"column":18},"end":{"line":24,"column":3}},"5":{"start":{"line":21,"column":6},"end":{"line":21,"column":44}},"6":{"start":{"line":26,"column":26},"end":{"line":28,"column":10}},"7":{"start":{"line":27,"column":4},"end":{"line":27,"column":23}},"8":{"start":{"line":30,"column":17},"end":{"line":32,"column":33}},"9":{"start":{"line":31,"column":4},"end":{"line":31,"column":33}},"10":{"start":{"line":34,"column":2},"end":{"line":68,"column":4}}},"fnMap":{"0":{"name":"Reminder","decl":{"start":{"line":8,"column":24},"end":{"line":8,"column":32}},"loc":{"start":{"line":8,"column":76},"end":{"line":69,"column":1}},"line":8},"1":{"name":"(anonymous_1)","decl":{"start":{"line":13,"column":4},"end":{"line":13,"column":5}},"loc":{"start":{"line":13,"column":15},"end":{"line":15,"column":5}},"line":13},"2":{"name":"(anonymous_2)","decl":{"start":{"line":20,"column":4},"end":{"line":20,"column":5}},"loc":{"start":{"line":20,"column":17},"end":{"line":22,"column":5}},"line":20},"3":{"name":"(anonymous_3)","decl":{"start":{"line":26,"column":38},"end":{"line":26,"column":39}},"loc":{"start":{"line":26,"column":44},"end":{"line":28,"column":3}},"line":26},"4":{"name":"(anonymous_4)","decl":{"start":{"line":30,"column":29},"end":{"line":30,"column":30}},"loc":{"start":{"line":30,"column":35},"end":{"line":32,"column":3}},"line":30}},"branchMap":{"0":{"loc":{"start":{"line":31,"column":4},"end":{"line":31,"column":32}},"type":"binary-expr","locations":[{"start":{"line":31,"column":4},"end":{"line":31,"column":10}},{"start":{"line":31,"column":14},"end":{"line":31,"column":32}}],"line":31}},"s":{"0":0,"1":0,"2":0,"3":0,"4":0,"5":0,"6":0,"7":0,"8":0,"9":0,"10":0},"f":{"0":0,"1":0,"2":0,"3":0,"4":0},"b":{"0":[0,0]}}
,"/Users/goorlavi/workspace/IShabat/App/MasterView/containers/Home/components/RemindersList/components/Reminder/styles.js": {"path":"/Users/goorlavi/workspace/IShabat/App/MasterView/containers/Home/components/RemindersList/components/Reminder/styles.js","statementMap":{"0":{"start":{"line":5,"column":2},"end":{"line":46,"column":5}}},"fnMap":{"0":{"name":"(anonymous_0)","decl":{"start":{"line":4,"column":15},"end":{"line":4,"column":16}},"loc":{"start":{"line":4,"column":36},"end":{"line":47,"column":1}},"line":4}},"branchMap":{"0":{"loc":{"start":{"line":4,"column":16},"end":{"line":4,"column":31}},"type":"default-arg","locations":[{"start":{"line":4,"column":29},"end":{"line":4,"column":31}}],"line":4},"1":{"loc":{"start":{"line":28,"column":10},"end":{"line":31,"column":7}},"type":"binary-expr","locations":[{"start":{"line":28,"column":10},"end":{"line":28,"column":16}},{"start":{"line":28,"column":20},"end":{"line":31,"column":7}}],"line":28}},"s":{"0":0},"f":{"0":0},"b":{"0":[0],"1":[0,0]}}
,"/Users/goorlavi/workspace/IShabat/App/MasterView/containers/Settings/Settings.jsx": {"path":"/Users/goorlavi/workspace/IShabat/App/MasterView/containers/Settings/Settings.jsx","statementMap":{"0":{"start":{"line":18,"column":17},"end":{"line":18,"column":47}},"1":{"start":{"line":18,"column":31},"end":{"line":18,"column":42}},"2":{"start":{"line":19,"column":69},"end":{"line":19,"column":78}},"3":{"start":{"line":21,"column":42},"end":{"line":21,"column":56}},"4":{"start":{"line":22,"column":52},"end":{"line":24,"column":3}},"5":{"start":{"line":25,"column":54},"end":{"line":27,"column":3}},"6":{"start":{"line":29,"column":17},"end":{"line":32,"column":3}},"7":{"start":{"line":30,"column":10},"end":{"line":30,"column":55}},"8":{"start":{"line":34,"column":21},"end":{"line":52,"column":4}},"9":{"start":{"line":35,"column":18},"end":{"line":35,"column":49}},"10":{"start":{"line":36,"column":19},"end":{"line":36,"column":51}},"11":{"start":{"line":38,"column":4},"end":{"line":41,"column":5}},"12":{"start":{"line":39,"column":6},"end":{"line":39,"column":59}},"13":{"start":{"line":40,"column":6},"end":{"line":40,"column":13}},"14":{"start":{"line":43,"column":4},"end":{"line":43,"column":26}},"15":{"start":{"line":44,"column":4},"end":{"line":44,"column":42}},"16":{"start":{"line":45,"column":4},"end":{"line":45,"column":45}},"17":{"start":{"line":54,"column":2},"end":{"line":143,"column":4}},"18":{"start":{"line":78,"column":14},"end":{"line":97,"column":33}},"19":{"start":{"line":84,"column":31},"end":{"line":84,"column":51}}},"fnMap":{"0":{"name":"Settings","decl":{"start":{"line":17,"column":24},"end":{"line":17,"column":32}},"loc":{"start":{"line":17,"column":49},"end":{"line":144,"column":1}},"line":17},"1":{"name":"(anonymous_1)","decl":{"start":{"line":18,"column":25},"end":{"line":18,"column":26}},"loc":{"start":{"line":18,"column":31},"end":{"line":18,"column":42}},"line":18},"2":{"name":"(anonymous_2)","decl":{"start":{"line":30,"column":4},"end":{"line":30,"column":5}},"loc":{"start":{"line":30,"column":10},"end":{"line":30,"column":55}},"line":30},"3":{"name":"(anonymous_3)","decl":{"start":{"line":34,"column":33},"end":{"line":34,"column":34}},"loc":{"start":{"line":34,"column":39},"end":{"line":46,"column":3}},"line":34},"4":{"name":"(anonymous_4)","decl":{"start":{"line":77,"column":30},"end":{"line":77,"column":31}},"loc":{"start":{"line":78,"column":14},"end":{"line":97,"column":33}},"line":78},"5":{"name":"(anonymous_5)","decl":{"start":{"line":84,"column":25},"end":{"line":84,"column":26}},"loc":{"start":{"line":84,"column":31},"end":{"line":84,"column":51}},"line":84}},"branchMap":{"0":{"loc":{"start":{"line":30,"column":10},"end":{"line":30,"column":55}},"type":"binary-expr","locations":[{"start":{"line":30,"column":10},"end":{"line":30,"column":32}},{"start":{"line":30,"column":36},"end":{"line":30,"column":55}}],"line":30},"1":{"loc":{"start":{"line":38,"column":4},"end":{"line":41,"column":5}},"type":"if","locations":[{"start":{"line":38,"column":4},"end":{"line":41,"column":5}},{"start":{},"end":{}}],"line":38},"2":{"loc":{"start":{"line":38,"column":8},"end":{"line":38,"column":66}},"type":"binary-expr","locations":[{"start":{"line":38,"column":8},"end":{"line":38,"column":20}},{"start":{"line":38,"column":24},"end":{"line":38,"column":37}},{"start":{"line":38,"column":41},"end":{"line":38,"column":51}},{"start":{"line":38,"column":55},"end":{"line":38,"column":66}}],"line":38},"3":{"loc":{"start":{"line":82,"column":18},"end":{"line":82,"column":67}},"type":"binary-expr","locations":[{"start":{"line":82,"column":18},"end":{"line":82,"column":38}},{"start":{"line":82,"column":42},"end":{"line":82,"column":67}}],"line":82},"4":{"loc":{"start":{"line":90,"column":20},"end":{"line":90,"column":70}},"type":"binary-expr","locations":[{"start":{"line":90,"column":20},"end":{"line":90,"column":40}},{"start":{"line":90,"column":44},"end":{"line":90,"column":70}}],"line":90},"5":{"loc":{"start":{"line":93,"column":19},"end":{"line":95,"column":19}},"type":"binary-expr","locations":[{"start":{"line":93,"column":19},"end":{"line":93,"column":39}},{"start":{"line":94,"column":20},"end":{"line":94,"column":60}}],"line":93}},"s":{"0":0,"1":0,"2":0,"3":0,"4":0,"5":0,"6":0,"7":0,"8":0,"9":0,"10":0,"11":0,"12":0,"13":0,"14":0,"15":0,"16":0,"17":0,"18":0,"19":0},"f":{"0":0,"1":0,"2":0,"3":0,"4":0,"5":0},"b":{"0":[0,0],"1":[0,0],"2":[0,0,0,0],"3":[0,0],"4":[0,0],"5":[0,0]}}
,"/Users/goorlavi/workspace/IShabat/App/MasterView/containers/Settings/constants.js": {"path":"/Users/goorlavi/workspace/IShabat/App/MasterView/containers/Settings/constants.js","statementMap":{"0":{"start":{"line":1,"column":21},"end":{"line":9,"column":1}},"1":{"start":{"line":11,"column":28},"end":{"line":16,"column":1}}},"fnMap":{},"branchMap":{},"s":{"0":0,"1":0},"f":{},"b":{}}
,"/Users/goorlavi/workspace/IShabat/App/MasterView/containers/Settings/styles.js": {"path":"/Users/goorlavi/workspace/IShabat/App/MasterView/containers/Settings/styles.js","statementMap":{"0":{"start":{"line":5,"column":2},"end":{"line":139,"column":5}}},"fnMap":{"0":{"name":"(anonymous_0)","decl":{"start":{"line":4,"column":15},"end":{"line":4,"column":16}},"loc":{"start":{"line":4,"column":28},"end":{"line":140,"column":1}},"line":4}},"branchMap":{"0":{"loc":{"start":{"line":4,"column":16},"end":{"line":4,"column":23}},"type":"default-arg","locations":[{"start":{"line":4,"column":21},"end":{"line":4,"column":23}}],"line":4}},"s":{"0":0},"f":{"0":0},"b":{"0":[0]}}
,"/Users/goorlavi/workspace/IShabat/App/MasterView/containers/Settings/containers/ContactUsButton/ContactUsButton.jsx": {"path":"/Users/goorlavi/workspace/IShabat/App/MasterView/containers/Settings/containers/ContactUsButton/ContactUsButton.jsx","statementMap":{"0":{"start":{"line":9,"column":19},"end":{"line":9,"column":49}},"1":{"start":{"line":9,"column":33},"end":{"line":9,"column":44}},"2":{"start":{"line":11,"column":24},"end":{"line":13,"column":10}},"3":{"start":{"line":12,"column":6},"end":{"line":12,"column":74}},"4":{"start":{"line":15,"column":4},"end":{"line":19,"column":6}}},"fnMap":{"0":{"name":"ContactUsButton","decl":{"start":{"line":7,"column":24},"end":{"line":7,"column":39}},"loc":{"start":{"line":7,"column":44},"end":{"line":20,"column":1}},"line":7},"1":{"name":"(anonymous_1)","decl":{"start":{"line":9,"column":27},"end":{"line":9,"column":28}},"loc":{"start":{"line":9,"column":33},"end":{"line":9,"column":44}},"line":9},"2":{"name":"(anonymous_2)","decl":{"start":{"line":11,"column":36},"end":{"line":11,"column":37}},"loc":{"start":{"line":11,"column":42},"end":{"line":13,"column":5}},"line":11}},"branchMap":{},"s":{"0":0,"1":0,"2":0,"3":0,"4":0},"f":{"0":0,"1":0,"2":0},"b":{}}
,"/Users/goorlavi/workspace/IShabat/App/MasterView/containers/Settings/containers/ContactUsButton/constants.js": {"path":"/Users/goorlavi/workspace/IShabat/App/MasterView/containers/Settings/containers/ContactUsButton/constants.js","statementMap":{"0":{"start":{"line":1,"column":21},"end":{"line":4,"column":1}}},"fnMap":{},"branchMap":{},"s":{"0":0},"f":{},"b":{}}
,"/Users/goorlavi/workspace/IShabat/App/MasterView/containers/Settings/containers/ContactUsButton/styles.js": {"path":"/Users/goorlavi/workspace/IShabat/App/MasterView/containers/Settings/containers/ContactUsButton/styles.js","statementMap":{"0":{"start":{"line":4,"column":4},"end":{"line":9,"column":7}}},"fnMap":{"0":{"name":"(anonymous_0)","decl":{"start":{"line":3,"column":15},"end":{"line":3,"column":16}},"loc":{"start":{"line":3,"column":28},"end":{"line":10,"column":1}},"line":3}},"branchMap":{"0":{"loc":{"start":{"line":3,"column":16},"end":{"line":3,"column":23}},"type":"default-arg","locations":[{"start":{"line":3,"column":21},"end":{"line":3,"column":23}}],"line":3}},"s":{"0":0},"f":{"0":0},"b":{"0":[0]}}
,"/Users/goorlavi/workspace/IShabat/App/MasterView/containers/Welcome/Welcome.jsx": {"path":"/Users/goorlavi/workspace/IShabat/App/MasterView/containers/Welcome/Welcome.jsx","statementMap":{"0":{"start":{"line":8,"column":17},"end":{"line":8,"column":47}},"1":{"start":{"line":8,"column":31},"end":{"line":8,"column":42}},"2":{"start":{"line":9,"column":38},"end":{"line":9,"column":47}},"3":{"start":{"line":10,"column":42},"end":{"line":10,"column":56}},"4":{"start":{"line":12,"column":27},"end":{"line":14,"column":8}},"5":{"start":{"line":13,"column":4},"end":{"line":13,"column":29}},"6":{"start":{"line":16,"column":24},"end":{"line":22,"column":45}},"7":{"start":{"line":17,"column":4},"end":{"line":21,"column":5}},"8":{"start":{"line":18,"column":6},"end":{"line":18,"column":28}},"9":{"start":{"line":19,"column":6},"end":{"line":19,"column":27}},"10":{"start":{"line":24,"column":2},"end":{"line":62,"column":4}},"11":{"start":{"line":30,"column":10},"end":{"line":47,"column":29}},"12":{"start":{"line":36,"column":27},"end":{"line":36,"column":48}}},"fnMap":{"0":{"name":"Welcome","decl":{"start":{"line":7,"column":24},"end":{"line":7,"column":31}},"loc":{"start":{"line":7,"column":48},"end":{"line":63,"column":1}},"line":7},"1":{"name":"(anonymous_1)","decl":{"start":{"line":8,"column":25},"end":{"line":8,"column":26}},"loc":{"start":{"line":8,"column":31},"end":{"line":8,"column":42}},"line":8},"2":{"name":"(anonymous_2)","decl":{"start":{"line":12,"column":39},"end":{"line":12,"column":40}},"loc":{"start":{"line":12,"column":52},"end":{"line":14,"column":3}},"line":12},"3":{"name":"(anonymous_3)","decl":{"start":{"line":16,"column":36},"end":{"line":16,"column":37}},"loc":{"start":{"line":16,"column":42},"end":{"line":22,"column":3}},"line":16},"4":{"name":"(anonymous_4)","decl":{"start":{"line":29,"column":26},"end":{"line":29,"column":27}},"loc":{"start":{"line":30,"column":10},"end":{"line":47,"column":29}},"line":30},"5":{"name":"(anonymous_5)","decl":{"start":{"line":36,"column":21},"end":{"line":36,"column":22}},"loc":{"start":{"line":36,"column":27},"end":{"line":36,"column":48}},"line":36}},"branchMap":{"0":{"loc":{"start":{"line":17,"column":4},"end":{"line":21,"column":5}},"type":"if","locations":[{"start":{"line":17,"column":4},"end":{"line":21,"column":5}},{"start":{},"end":{}}],"line":17},"1":{"loc":{"start":{"line":34,"column":14},"end":{"line":34,"column":63}},"type":"binary-expr","locations":[{"start":{"line":34,"column":14},"end":{"line":34,"column":34}},{"start":{"line":34,"column":38},"end":{"line":34,"column":63}}],"line":34},"2":{"loc":{"start":{"line":42,"column":16},"end":{"line":42,"column":66}},"type":"binary-expr","locations":[{"start":{"line":42,"column":16},"end":{"line":42,"column":36}},{"start":{"line":42,"column":40},"end":{"line":42,"column":66}}],"line":42},"3":{"loc":{"start":{"line":45,"column":15},"end":{"line":45,"column":79}},"type":"binary-expr","locations":[{"start":{"line":45,"column":15},"end":{"line":45,"column":35}},{"start":{"line":45,"column":39},"end":{"line":45,"column":79}}],"line":45},"4":{"loc":{"start":{"line":54,"column":10},"end":{"line":54,"column":55}},"type":"binary-expr","locations":[{"start":{"line":54,"column":10},"end":{"line":54,"column":23}},{"start":{"line":54,"column":27},"end":{"line":54,"column":55}}],"line":54}},"s":{"0":0,"1":0,"2":0,"3":0,"4":0,"5":0,"6":0,"7":0,"8":0,"9":0,"10":0,"11":0,"12":0},"f":{"0":0,"1":0,"2":0,"3":0,"4":0,"5":0},"b":{"0":[0,0],"1":[0,0],"2":[0,0],"3":[0,0],"4":[0,0]}}
,"/Users/goorlavi/workspace/IShabat/App/MasterView/containers/Welcome/constants.js": {"path":"/Users/goorlavi/workspace/IShabat/App/MasterView/containers/Welcome/constants.js","statementMap":{"0":{"start":{"line":1,"column":21},"end":{"line":4,"column":1}},"1":{"start":{"line":6,"column":28},"end":{"line":11,"column":1}}},"fnMap":{},"branchMap":{},"s":{"0":0,"1":0},"f":{},"b":{}}
,"/Users/goorlavi/workspace/IShabat/App/MasterView/containers/Welcome/styles.js": {"path":"/Users/goorlavi/workspace/IShabat/App/MasterView/containers/Welcome/styles.js","statementMap":{"0":{"start":{"line":5,"column":2},"end":{"line":87,"column":5}}},"fnMap":{"0":{"name":"(anonymous_0)","decl":{"start":{"line":4,"column":15},"end":{"line":4,"column":16}},"loc":{"start":{"line":4,"column":28},"end":{"line":88,"column":1}},"line":4}},"branchMap":{"0":{"loc":{"start":{"line":4,"column":16},"end":{"line":4,"column":23}},"type":"default-arg","locations":[{"start":{"line":4,"column":21},"end":{"line":4,"column":23}}],"line":4}},"s":{"0":0},"f":{"0":0},"b":{"0":[0]}}
,"/Users/goorlavi/workspace/IShabat/App/ads/constants.js": {"path":"/Users/goorlavi/workspace/IShabat/App/ads/constants.js","statementMap":{"0":{"start":{"line":1,"column":39},"end":{"line":1,"column":79}},"1":{"start":{"line":2,"column":36},"end":{"line":2,"column":76}},"2":{"start":{"line":3,"column":44},"end":{"line":3,"column":84}},"3":{"start":{"line":4,"column":41},"end":{"line":4,"column":81}},"4":{"start":{"line":6,"column":21},"end":{"line":9,"column":1}}},"fnMap":{},"branchMap":{},"s":{"0":0,"1":0,"2":0,"3":0,"4":0},"f":{},"b":{}}
,"/Users/goorlavi/workspace/IShabat/App/ads/index.jsx": {"path":"/Users/goorlavi/workspace/IShabat/App/ads/index.jsx","statementMap":{"0":{"start":{"line":9,"column":26},"end":{"line":9,"column":47}},"1":{"start":{"line":11,"column":23},"end":{"line":44,"column":1}},"2":{"start":{"line":12,"column":4},"end":{"line":43,"column":11}},"3":{"start":{"line":14,"column":8},"end":{"line":34,"column":13}},"4":{"start":{"line":15,"column":12},"end":{"line":33,"column":13}},"5":{"start":{"line":17,"column":40},"end":{"line":17,"column":70}},"6":{"start":{"line":18,"column":16},"end":{"line":18,"column":41}},"7":{"start":{"line":19,"column":16},"end":{"line":22,"column":20}},"8":{"start":{"line":19,"column":78},"end":{"line":22,"column":18}},"9":{"start":{"line":23,"column":16},"end":{"line":26,"column":20}},"10":{"start":{"line":23,"column":78},"end":{"line":26,"column":18}},"11":{"start":{"line":27,"column":16},"end":{"line":30,"column":20}},"12":{"start":{"line":27,"column":73},"end":{"line":30,"column":18}},"13":{"start":{"line":36,"column":8},"end":{"line":42,"column":10}},"14":{"start":{"line":37,"column":12},"end":{"line":41,"column":26}},"15":{"start":{"line":38,"column":16},"end":{"line":40,"column":17}},"16":{"start":{"line":39,"column":20},"end":{"line":39,"column":50}},"17":{"start":{"line":46,"column":27},"end":{"line":113,"column":1}},"18":{"start":{"line":50,"column":32},"end":{"line":50,"column":42}},"19":{"start":{"line":51,"column":16},"end":{"line":51,"column":24}},"20":{"start":{"line":52,"column":4},"end":{"line":62,"column":6}},"21":{"start":{"line":53,"column":8},"end":{"line":58,"column":15}},"22":{"start":{"line":54,"column":12},"end":{"line":58,"column":15}},"23":{"start":{"line":60,"column":8},"end":{"line":60,"column":51}},"24":{"start":{"line":61,"column":8},"end":{"line":61,"column":20}},"25":{"start":{"line":64,"column":4},"end":{"line":64,"column":24}},"26":{"start":{"line":66,"column":30},"end":{"line":106,"column":19}},"27":{"start":{"line":69,"column":8},"end":{"line":73,"column":9}},"28":{"start":{"line":70,"column":12},"end":{"line":70,"column":64}},"29":{"start":{"line":71,"column":12},"end":{"line":71,"column":56}},"30":{"start":{"line":72,"column":12},"end":{"line":72,"column":19}},"31":{"start":{"line":75,"column":8},"end":{"line":78,"column":9}},"32":{"start":{"line":76,"column":12},"end":{"line":76,"column":55}},"33":{"start":{"line":77,"column":12},"end":{"line":77,"column":19}},"34":{"start":{"line":80,"column":8},"end":{"line":80,"column":45}},"35":{"start":{"line":82,"column":8},"end":{"line":105,"column":9}},"36":{"start":{"line":83,"column":60},"end":{"line":83,"column":90}},"37":{"start":{"line":85,"column":12},"end":{"line":98,"column":13}},"38":{"start":{"line":87,"column":16},"end":{"line":87,"column":55}},"39":{"start":{"line":88,"column":16},"end":{"line":91,"column":19}},"40":{"start":{"line":94,"column":16},"end":{"line":97,"column":19}},"41":{"start":{"line":100,"column":12},"end":{"line":100,"column":52}},"42":{"start":{"line":101,"column":12},"end":{"line":101,"column":49}},"43":{"start":{"line":102,"column":12},"end":{"line":102,"column":46}},"44":{"start":{"line":104,"column":12},"end":{"line":104,"column":32}},"45":{"start":{"line":108,"column":4},"end":{"line":112,"column":11}}},"fnMap":{"0":{"name":"(anonymous_0)","decl":{"start":{"line":11,"column":23},"end":{"line":11,"column":24}},"loc":{"start":{"line":11,"column":30},"end":{"line":44,"column":1}},"line":11},"1":{"name":"(anonymous_1)","decl":{"start":{"line":12,"column":14},"end":{"line":12,"column":15}},"loc":{"start":{"line":12,"column":20},"end":{"line":43,"column":5}},"line":12},"2":{"name":"(anonymous_2)","decl":{"start":{"line":14,"column":9},"end":{"line":14,"column":10}},"loc":{"start":{"line":14,"column":21},"end":{"line":34,"column":9}},"line":14},"3":{"name":"(anonymous_3)","decl":{"start":{"line":19,"column":72},"end":{"line":19,"column":73}},"loc":{"start":{"line":19,"column":78},"end":{"line":22,"column":18}},"line":19},"4":{"name":"(anonymous_4)","decl":{"start":{"line":23,"column":72},"end":{"line":23,"column":73}},"loc":{"start":{"line":23,"column":78},"end":{"line":26,"column":18}},"line":23},"5":{"name":"(anonymous_5)","decl":{"start":{"line":27,"column":67},"end":{"line":27,"column":68}},"loc":{"start":{"line":27,"column":73},"end":{"line":30,"column":18}},"line":27},"6":{"name":"(anonymous_6)","decl":{"start":{"line":36,"column":15},"end":{"line":36,"column":16}},"loc":{"start":{"line":36,"column":21},"end":{"line":42,"column":9}},"line":36},"7":{"name":"(anonymous_7)","decl":{"start":{"line":46,"column":27},"end":{"line":46,"column":28}},"loc":{"start":{"line":46,"column":43},"end":{"line":113,"column":1}},"line":46},"8":{"name":"(anonymous_8)","decl":{"start":{"line":52,"column":18},"end":{"line":52,"column":19}},"loc":{"start":{"line":52,"column":48},"end":{"line":62,"column":5}},"line":52},"9":{"name":"(anonymous_9)","decl":{"start":{"line":66,"column":42},"end":{"line":66,"column":43}},"loc":{"start":{"line":66,"column":87},"end":{"line":106,"column":5}},"line":66}},"branchMap":{"0":{"loc":{"start":{"line":38,"column":16},"end":{"line":40,"column":17}},"type":"if","locations":[{"start":{"line":38,"column":16},"end":{"line":40,"column":17}},{"start":{},"end":{}}],"line":38},"1":{"loc":{"start":{"line":53,"column":8},"end":{"line":58,"column":15}},"type":"if","locations":[{"start":{"line":53,"column":8},"end":{"line":58,"column":15}},{"start":{},"end":{}}],"line":53},"2":{"loc":{"start":{"line":53,"column":12},"end":{"line":53,"column":66}},"type":"binary-expr","locations":[{"start":{"line":53,"column":12},"end":{"line":53,"column":40}},{"start":{"line":53,"column":44},"end":{"line":53,"column":66}}],"line":53},"3":{"loc":{"start":{"line":66,"column":60},"end":{"line":66,"column":81}},"type":"default-arg","locations":[{"start":{"line":66,"column":76},"end":{"line":66,"column":81}}],"line":66},"4":{"loc":{"start":{"line":69,"column":8},"end":{"line":73,"column":9}},"type":"if","locations":[{"start":{"line":69,"column":8},"end":{"line":73,"column":9}},{"start":{},"end":{}}],"line":69},"5":{"loc":{"start":{"line":75,"column":8},"end":{"line":78,"column":9}},"type":"if","locations":[{"start":{"line":75,"column":8},"end":{"line":78,"column":9}},{"start":{},"end":{}}],"line":75},"6":{"loc":{"start":{"line":85,"column":12},"end":{"line":98,"column":13}},"type":"if","locations":[{"start":{"line":85,"column":12},"end":{"line":98,"column":13}},{"start":{"line":92,"column":19},"end":{"line":98,"column":13}}],"line":85},"7":{"loc":{"start":{"line":85,"column":16},"end":{"line":85,"column":43}},"type":"binary-expr","locations":[{"start":{"line":85,"column":16},"end":{"line":85,"column":32}},{"start":{"line":85,"column":36},"end":{"line":85,"column":43}}],"line":85}},"s":{"0":0,"1":0,"2":0,"3":0,"4":0,"5":0,"6":0,"7":0,"8":0,"9":0,"10":0,"11":0,"12":0,"13":0,"14":0,"15":0,"16":0,"17":0,"18":0,"19":0,"20":0,"21":0,"22":0,"23":0,"24":0,"25":0,"26":0,"27":0,"28":0,"29":0,"30":0,"31":0,"32":0,"33":0,"34":0,"35":0,"36":0,"37":0,"38":0,"39":0,"40":0,"41":0,"42":0,"43":0,"44":0,"45":0},"f":{"0":0,"1":0,"2":0,"3":0,"4":0,"5":0,"6":0,"7":0,"8":0,"9":0},"b":{"0":[0,0],"1":[0,0],"2":[0,0],"3":[0],"4":[0,0],"5":[0,0],"6":[0,0],"7":[0,0]}}
,"/Users/goorlavi/workspace/IShabat/App/components/Notifications.jsx": {"path":"/Users/goorlavi/workspace/IShabat/App/components/Notifications.jsx","statementMap":{"0":{"start":{"line":15,"column":33},"end":{"line":35,"column":1}},"1":{"start":{"line":20,"column":17},"end":{"line":20,"column":35}},"2":{"start":{"line":22,"column":2},"end":{"line":34,"column":3}},"3":{"start":{"line":23,"column":27},"end":{"line":23,"column":32}},"4":{"start":{"line":24,"column":24},"end":{"line":24,"column":43}},"5":{"start":{"line":26,"column":4},"end":{"line":26,"column":56}},"6":{"start":{"line":26,"column":47},"end":{"line":26,"column":56}},"7":{"start":{"line":28,"column":4},"end":{"line":33,"column":7}},"8":{"start":{"line":38,"column":38},"end":{"line":38,"column":47}},"9":{"start":{"line":39,"column":30},"end":{"line":39,"column":44}},"10":{"start":{"line":41,"column":2},"end":{"line":65,"column":32}},"11":{"start":{"line":42,"column":4},"end":{"line":64,"column":9}},"12":{"start":{"line":43,"column":6},"end":{"line":43,"column":34}},"13":{"start":{"line":45,"column":26},"end":{"line":45,"column":59}},"14":{"start":{"line":47,"column":32},"end":{"line":47,"column":71}},"15":{"start":{"line":49,"column":6},"end":{"line":57,"column":7}},"16":{"start":{"line":50,"column":8},"end":{"line":50,"column":52}},"17":{"start":{"line":52,"column":8},"end":{"line":52,"column":45}},"18":{"start":{"line":53,"column":8},"end":{"line":56,"column":9}},"19":{"start":{"line":54,"column":10},"end":{"line":54,"column":56}},"20":{"start":{"line":55,"column":10},"end":{"line":55,"column":17}},"21":{"start":{"line":59,"column":6},"end":{"line":63,"column":7}},"22":{"start":{"line":60,"column":29},"end":{"line":60,"column":46}},"23":{"start":{"line":61,"column":8},"end":{"line":61,"column":78}},"24":{"start":{"line":62,"column":8},"end":{"line":62,"column":53}},"25":{"start":{"line":67,"column":2},"end":{"line":67,"column":14}}},"fnMap":{"0":{"name":"(anonymous_0)","decl":{"start":{"line":15,"column":33},"end":{"line":15,"column":34}},"loc":{"start":{"line":19,"column":5},"end":{"line":35,"column":1}},"line":19},"1":{"name":"(anonymous_1)","decl":{"start":{"line":37,"column":15},"end":{"line":37,"column":16}},"loc":{"start":{"line":37,"column":21},"end":{"line":68,"column":1}},"line":37},"2":{"name":"(anonymous_2)","decl":{"start":{"line":41,"column":12},"end":{"line":41,"column":13}},"loc":{"start":{"line":41,"column":18},"end":{"line":65,"column":3}},"line":41},"3":{"name":"(anonymous_3)","decl":{"start":{"line":42,"column":5},"end":{"line":42,"column":6}},"loc":{"start":{"line":42,"column":17},"end":{"line":64,"column":5}},"line":42}},"branchMap":{"0":{"loc":{"start":{"line":26,"column":4},"end":{"line":26,"column":56}},"type":"if","locations":[{"start":{"line":26,"column":4},"end":{"line":26,"column":56}},{"start":{},"end":{}}],"line":26},"1":{"loc":{"start":{"line":26,"column":8},"end":{"line":26,"column":45}},"type":"binary-expr","locations":[{"start":{"line":26,"column":8},"end":{"line":26,"column":20}},{"start":{"line":26,"column":24},"end":{"line":26,"column":45}}],"line":26},"2":{"loc":{"start":{"line":49,"column":6},"end":{"line":57,"column":7}},"type":"if","locations":[{"start":{"line":49,"column":6},"end":{"line":57,"column":7}},{"start":{},"end":{}}],"line":49},"3":{"loc":{"start":{"line":53,"column":8},"end":{"line":56,"column":9}},"type":"if","locations":[{"start":{"line":53,"column":8},"end":{"line":56,"column":9}},{"start":{},"end":{}}],"line":53},"4":{"loc":{"start":{"line":59,"column":6},"end":{"line":63,"column":7}},"type":"if","locations":[{"start":{"line":59,"column":6},"end":{"line":63,"column":7}},{"start":{},"end":{}}],"line":59}},"s":{"0":0,"1":0,"2":0,"3":0,"4":0,"5":0,"6":0,"7":0,"8":0,"9":0,"10":0,"11":0,"12":0,"13":0,"14":0,"15":0,"16":0,"17":0,"18":0,"19":0,"20":0,"21":0,"22":0,"23":0,"24":0,"25":0},"f":{"0":0,"1":0,"2":0,"3":0},"b":{"0":[0,0],"1":[0,0],"2":[0,0],"3":[0,0],"4":[0,0]}}
,"/Users/goorlavi/workspace/IShabat/App/globals/hooks.js": {"path":"/Users/goorlavi/workspace/IShabat/App/globals/hooks.js","statementMap":{},"fnMap":{},"branchMap":{},"s":{},"f":{},"b":{}}
,"/Users/goorlavi/workspace/IShabat/App/globals/network.js": {"path":"/Users/goorlavi/workspace/IShabat/App/globals/network.js","statementMap":{"0":{"start":{"line":3,"column":20},"end":{"line":21,"column":1}},"1":{"start":{"line":5,"column":4},"end":{"line":20,"column":5}},"2":{"start":{"line":6,"column":25},"end":{"line":14,"column":10}},"3":{"start":{"line":16,"column":8},"end":{"line":16,"column":36}},"4":{"start":{"line":18,"column":8},"end":{"line":18,"column":25}},"5":{"start":{"line":19,"column":8},"end":{"line":19,"column":16}}},"fnMap":{"0":{"name":"(anonymous_0)","decl":{"start":{"line":3,"column":20},"end":{"line":3,"column":21}},"loc":{"start":{"line":3,"column":73},"end":{"line":21,"column":1}},"line":3}},"branchMap":{"0":{"loc":{"start":{"line":3,"column":28},"end":{"line":3,"column":42}},"type":"default-arg","locations":[{"start":{"line":3,"column":37},"end":{"line":3,"column":42}}],"line":3},"1":{"loc":{"start":{"line":3,"column":49},"end":{"line":3,"column":61}},"type":"default-arg","locations":[{"start":{"line":3,"column":59},"end":{"line":3,"column":61}}],"line":3},"2":{"loc":{"start":{"line":13,"column":13},"end":{"line":13,"column":49}},"type":"cond-expr","locations":[{"start":{"line":13,"column":32},"end":{"line":13,"column":40}},{"start":{"line":13,"column":43},"end":{"line":13,"column":49}}],"line":13},"3":{"loc":{"start":{"line":16,"column":16},"end":{"line":16,"column":30}},"type":"binary-expr","locations":[{"start":{"line":16,"column":16},"end":{"line":16,"column":24}},{"start":{"line":16,"column":28},"end":{"line":16,"column":30}}],"line":16}},"s":{"0":0,"1":0,"2":0,"3":0,"4":0,"5":0},"f":{"0":0},"b":{"0":[0],"1":[0],"2":[0,0],"3":[0,0]}}
,"/Users/goorlavi/workspace/IShabat/App/globals/notifications.js": {"path":"/Users/goorlavi/workspace/IShabat/App/globals/notifications.js","statementMap":{"0":{"start":{"line":4,"column":42},"end":{"line":4,"column":72}},"1":{"start":{"line":6,"column":0},"end":{"line":12,"column":3}},"2":{"start":{"line":7,"column":35},"end":{"line":11,"column":3}},"3":{"start":{"line":14,"column":19},"end":{"line":14,"column":27}},"4":{"start":{"line":17,"column":20},"end":{"line":23,"column":1}},"5":{"start":{"line":18,"column":2},"end":{"line":18,"column":35}},"6":{"start":{"line":18,"column":22},"end":{"line":18,"column":35}},"7":{"start":{"line":19,"column":2},"end":{"line":19,"column":39}},"8":{"start":{"line":19,"column":22},"end":{"line":19,"column":39}},"9":{"start":{"line":20,"column":2},"end":{"line":20,"column":39}},"10":{"start":{"line":20,"column":22},"end":{"line":20,"column":39}},"11":{"start":{"line":21,"column":2},"end":{"line":21,"column":39}},"12":{"start":{"line":21,"column":22},"end":{"line":21,"column":39}},"13":{"start":{"line":22,"column":2},"end":{"line":22,"column":27}},"14":{"start":{"line":34,"column":24},"end":{"line":102,"column":1}},"15":{"start":{"line":40,"column":2},"end":{"line":101,"column":3}},"16":{"start":{"line":42,"column":4},"end":{"line":47,"column":5}},"17":{"start":{"line":43,"column":6},"end":{"line":45,"column":8}},"18":{"start":{"line":46,"column":6},"end":{"line":46,"column":13}},"19":{"start":{"line":49,"column":4},"end":{"line":52,"column":5}},"20":{"start":{"line":50,"column":6},"end":{"line":50,"column":57}},"21":{"start":{"line":51,"column":6},"end":{"line":51,"column":13}},"22":{"start":{"line":54,"column":21},"end":{"line":54,"column":56}},"23":{"start":{"line":55,"column":22},"end":{"line":55,"column":35}},"24":{"start":{"line":57,"column":21},"end":{"line":61,"column":5}},"25":{"start":{"line":58,"column":6},"end":{"line":58,"column":38}},"26":{"start":{"line":58,"column":20},"end":{"line":58,"column":38}},"27":{"start":{"line":59,"column":6},"end":{"line":59,"column":37}},"28":{"start":{"line":59,"column":21},"end":{"line":59,"column":37}},"29":{"start":{"line":60,"column":6},"end":{"line":60,"column":24}},"30":{"start":{"line":63,"column":30},"end":{"line":64,"column":55}},"31":{"start":{"line":64,"column":6},"end":{"line":64,"column":55}},"32":{"start":{"line":66,"column":18},"end":{"line":66,"column":28}},"33":{"start":{"line":69,"column":4},"end":{"line":98,"column":5}},"34":{"start":{"line":70,"column":6},"end":{"line":97,"column":7}},"35":{"start":{"line":71,"column":8},"end":{"line":96,"column":9}},"36":{"start":{"line":72,"column":35},"end":{"line":74,"column":11}},"37":{"start":{"line":77,"column":10},"end":{"line":82,"column":11}},"38":{"start":{"line":78,"column":12},"end":{"line":80,"column":14}},"39":{"start":{"line":81,"column":12},"end":{"line":81,"column":21}},"40":{"start":{"line":84,"column":10},"end":{"line":89,"column":13}},"41":{"start":{"line":91,"column":10},"end":{"line":94,"column":12}},"42":{"start":{"line":100,"column":4},"end":{"line":100,"column":47}},"43":{"start":{"line":112,"column":36},"end":{"line":138,"column":1}},"44":{"start":{"line":113,"column":2},"end":{"line":137,"column":3}},"45":{"start":{"line":114,"column":4},"end":{"line":116,"column":5}},"46":{"start":{"line":115,"column":6},"end":{"line":115,"column":71}},"47":{"start":{"line":118,"column":27},"end":{"line":131,"column":6}},"48":{"start":{"line":133,"column":4},"end":{"line":133,"column":26}},"49":{"start":{"line":135,"column":4},"end":{"line":135,"column":59}},"50":{"start":{"line":136,"column":4},"end":{"line":136,"column":16}},"51":{"start":{"line":140,"column":35},"end":{"line":143,"column":1}},"52":{"start":{"line":141,"column":24},"end":{"line":141,"column":79}},"53":{"start":{"line":142,"column":2},"end":{"line":142,"column":33}},"54":{"start":{"line":145,"column":38},"end":{"line":147,"column":1}},"55":{"start":{"line":146,"column":2},"end":{"line":146,"column":61}},"56":{"start":{"line":149,"column":29},"end":{"line":151,"column":1}},"57":{"start":{"line":150,"column":2},"end":{"line":150,"column":51}},"58":{"start":{"line":153,"column":29},"end":{"line":155,"column":1}},"59":{"start":{"line":154,"column":2},"end":{"line":154,"column":55}},"60":{"start":{"line":157,"column":47},"end":{"line":161,"column":1}},"61":{"start":{"line":158,"column":21},"end":{"line":158,"column":42}},"62":{"start":{"line":160,"column":2},"end":{"line":160,"column":30}},"63":{"start":{"line":163,"column":41},"end":{"line":165,"column":1}},"64":{"start":{"line":164,"column":2},"end":{"line":164,"column":66}},"65":{"start":{"line":167,"column":42},"end":{"line":169,"column":1}},"66":{"start":{"line":168,"column":2},"end":{"line":168,"column":73}}},"fnMap":{"0":{"name":"(anonymous_0)","decl":{"start":{"line":7,"column":22},"end":{"line":7,"column":23}},"loc":{"start":{"line":7,"column":35},"end":{"line":11,"column":3}},"line":7},"1":{"name":"(anonymous_1)","decl":{"start":{"line":17,"column":20},"end":{"line":17,"column":21}},"loc":{"start":{"line":17,"column":33},"end":{"line":23,"column":1}},"line":17},"2":{"name":"(anonymous_2)","decl":{"start":{"line":34,"column":24},"end":{"line":34,"column":25}},"loc":{"start":{"line":39,"column":6},"end":{"line":102,"column":1}},"line":39},"3":{"name":"(anonymous_3)","decl":{"start":{"line":57,"column":21},"end":{"line":57,"column":22}},"loc":{"start":{"line":57,"column":27},"end":{"line":61,"column":5}},"line":57},"4":{"name":"(anonymous_4)","decl":{"start":{"line":63,"column":30},"end":{"line":63,"column":31}},"loc":{"start":{"line":64,"column":6},"end":{"line":64,"column":55}},"line":64},"5":{"name":"(anonymous_5)","decl":{"start":{"line":112,"column":36},"end":{"line":112,"column":37}},"loc":{"start":{"line":112,"column":69},"end":{"line":138,"column":1}},"line":112},"6":{"name":"(anonymous_6)","decl":{"start":{"line":140,"column":35},"end":{"line":140,"column":36}},"loc":{"start":{"line":140,"column":47},"end":{"line":143,"column":1}},"line":140},"7":{"name":"(anonymous_7)","decl":{"start":{"line":145,"column":38},"end":{"line":145,"column":39}},"loc":{"start":{"line":145,"column":50},"end":{"line":147,"column":1}},"line":145},"8":{"name":"(anonymous_8)","decl":{"start":{"line":149,"column":29},"end":{"line":149,"column":30}},"loc":{"start":{"line":149,"column":41},"end":{"line":151,"column":1}},"line":149},"9":{"name":"(anonymous_9)","decl":{"start":{"line":153,"column":29},"end":{"line":153,"column":30}},"loc":{"start":{"line":153,"column":41},"end":{"line":155,"column":1}},"line":153},"10":{"name":"(anonymous_10)","decl":{"start":{"line":157,"column":47},"end":{"line":157,"column":48}},"loc":{"start":{"line":157,"column":59},"end":{"line":161,"column":1}},"line":157},"11":{"name":"(anonymous_11)","decl":{"start":{"line":163,"column":41},"end":{"line":163,"column":42}},"loc":{"start":{"line":163,"column":53},"end":{"line":165,"column":1}},"line":163},"12":{"name":"(anonymous_12)","decl":{"start":{"line":167,"column":42},"end":{"line":167,"column":43}},"loc":{"start":{"line":167,"column":59},"end":{"line":169,"column":1}},"line":167}},"branchMap":{"0":{"loc":{"start":{"line":18,"column":2},"end":{"line":18,"column":35}},"type":"if","locations":[{"start":{"line":18,"column":2},"end":{"line":18,"column":35}},{"start":{},"end":{}}],"line":18},"1":{"loc":{"start":{"line":19,"column":2},"end":{"line":19,"column":39}},"type":"if","locations":[{"start":{"line":19,"column":2},"end":{"line":19,"column":39}},{"start":{},"end":{}}],"line":19},"2":{"loc":{"start":{"line":20,"column":2},"end":{"line":20,"column":39}},"type":"if","locations":[{"start":{"line":20,"column":2},"end":{"line":20,"column":39}},{"start":{},"end":{}}],"line":20},"3":{"loc":{"start":{"line":21,"column":2},"end":{"line":21,"column":39}},"type":"if","locations":[{"start":{"line":21,"column":2},"end":{"line":21,"column":39}},{"start":{},"end":{}}],"line":21},"4":{"loc":{"start":{"line":37,"column":2},"end":{"line":37,"column":30}},"type":"default-arg","locations":[{"start":{"line":37,"column":22},"end":{"line":37,"column":30}}],"line":37},"5":{"loc":{"start":{"line":38,"column":2},"end":{"line":38,"column":30}},"type":"default-arg","locations":[{"start":{"line":38,"column":25},"end":{"line":38,"column":30}}],"line":38},"6":{"loc":{"start":{"line":42,"column":4},"end":{"line":47,"column":5}},"type":"if","locations":[{"start":{"line":42,"column":4},"end":{"line":47,"column":5}},{"start":{},"end":{}}],"line":42},"7":{"loc":{"start":{"line":49,"column":4},"end":{"line":52,"column":5}},"type":"if","locations":[{"start":{"line":49,"column":4},"end":{"line":52,"column":5}},{"start":{},"end":{}}],"line":49},"8":{"loc":{"start":{"line":49,"column":8},"end":{"line":49,"column":40}},"type":"binary-expr","locations":[{"start":{"line":49,"column":8},"end":{"line":49,"column":13}},{"start":{"line":49,"column":17},"end":{"line":49,"column":40}}],"line":49},"9":{"loc":{"start":{"line":54,"column":21},"end":{"line":54,"column":56}},"type":"binary-expr","locations":[{"start":{"line":54,"column":21},"end":{"line":54,"column":35}},{"start":{"line":54,"column":39},"end":{"line":54,"column":56}}],"line":54},"10":{"loc":{"start":{"line":58,"column":6},"end":{"line":58,"column":38}},"type":"if","locations":[{"start":{"line":58,"column":6},"end":{"line":58,"column":38}},{"start":{},"end":{}}],"line":58},"11":{"loc":{"start":{"line":59,"column":6},"end":{"line":59,"column":37}},"type":"if","locations":[{"start":{"line":59,"column":6},"end":{"line":59,"column":37}},{"start":{},"end":{}}],"line":59},"12":{"loc":{"start":{"line":64,"column":28},"end":{"line":64,"column":53}},"type":"cond-expr","locations":[{"start":{"line":64,"column":39},"end":{"line":64,"column":45}},{"start":{"line":64,"column":48},"end":{"line":64,"column":53}}],"line":64},"13":{"loc":{"start":{"line":70,"column":6},"end":{"line":97,"column":7}},"type":"if","locations":[{"start":{"line":70,"column":6},"end":{"line":97,"column":7}},{"start":{},"end":{}}],"line":70},"14":{"loc":{"start":{"line":77,"column":10},"end":{"line":82,"column":11}},"type":"if","locations":[{"start":{"line":77,"column":10},"end":{"line":82,"column":11}},{"start":{},"end":{}}],"line":77},"15":{"loc":{"start":{"line":114,"column":4},"end":{"line":116,"column":5}},"type":"if","locations":[{"start":{"line":114,"column":4},"end":{"line":116,"column":5}},{"start":{},"end":{}}],"line":114},"16":{"loc":{"start":{"line":114,"column":8},"end":{"line":114,"column":40}},"type":"binary-expr","locations":[{"start":{"line":114,"column":8},"end":{"line":114,"column":13}},{"start":{"line":114,"column":17},"end":{"line":114,"column":40}}],"line":114}},"s":{"0":1,"1":1,"2":0,"3":1,"4":1,"5":8,"6":0,"7":8,"8":0,"9":8,"10":5,"11":3,"12":3,"13":0,"14":1,"15":6,"16":6,"17":1,"18":1,"19":5,"20":0,"21":0,"22":5,"23":5,"24":5,"25":5,"26":4,"27":1,"28":1,"29":0,"30":5,"31":8,"32":5,"33":5,"34":10,"35":8,"36":8,"37":8,"38":0,"39":0,"40":8,"41":0,"42":0,"43":1,"44":9,"45":9,"46":0,"47":9,"48":9,"49":0,"50":0,"51":1,"52":0,"53":0,"54":1,"55":1,"56":1,"57":0,"58":1,"59":0,"60":1,"61":0,"62":0,"63":1,"64":0,"65":1,"66":0},"f":{"0":0,"1":8,"2":6,"3":5,"4":8,"5":9,"6":0,"7":1,"8":0,"9":0,"10":0,"11":0,"12":0},"b":{"0":[0,8],"1":[0,8],"2":[5,3],"3":[3,0],"4":[1],"5":[0],"6":[1,5],"7":[0,5],"8":[5,5],"9":[5,2],"10":[4,1],"11":[1,0],"12":[7,1],"13":[8,2],"14":[0,8],"15":[0,9],"16":[9,9]},"_coverageSchema":"1a1c01bbd47fc00a2c39e90264f33305004495a9","hash":"74493b99ee3be1fecfa151656f10311223c508c3"}
,"/Users/goorlavi/workspace/IShabat/App/globals/utils.js": {"path":"/Users/goorlavi/workspace/IShabat/App/globals/utils.js","statementMap":{"0":{"start":{"line":3,"column":30},"end":{"line":6,"column":108}},"1":{"start":{"line":6,"column":37},"end":{"line":6,"column":108}}},"fnMap":{"0":{"name":"(anonymous_0)","decl":{"start":{"line":3,"column":30},"end":{"line":3,"column":31}},"loc":{"start":{"line":6,"column":37},"end":{"line":6,"column":108}},"line":6}},"branchMap":{"0":{"loc":{"start":{"line":6,"column":37},"end":{"line":6,"column":108}},"type":"cond-expr","locations":[{"start":{"line":6,"column":95},"end":{"line":6,"column":98}},{"start":{"line":6,"column":101},"end":{"line":6,"column":108}}],"line":6},"1":{"loc":{"start":{"line":6,"column":38},"end":{"line":6,"column":91}},"type":"binary-expr","locations":[{"start":{"line":6,"column":38},"end":{"line":6,"column":61}},{"start":{"line":6,"column":65},"end":{"line":6,"column":91}}],"line":6}},"s":{"0":0,"1":0},"f":{"0":0},"b":{"0":[0,0],"1":[0,0]}}
,"/Users/goorlavi/workspace/IShabat/App/services/storageService/index.js": {"path":"/Users/goorlavi/workspace/IShabat/App/services/storageService/index.js","statementMap":{"0":{"start":{"line":6,"column":21},"end":{"line":9,"column":5}},"1":{"start":{"line":7,"column":22},"end":{"line":7,"column":54}},"2":{"start":{"line":8,"column":8},"end":{"line":8,"column":33}},"3":{"start":{"line":11,"column":21},"end":{"line":11,"column":95}},"4":{"start":{"line":11,"column":42},"end":{"line":11,"column":95}}},"fnMap":{"0":{"name":"(anonymous_0)","decl":{"start":{"line":6,"column":21},"end":{"line":6,"column":22}},"loc":{"start":{"line":6,"column":35},"end":{"line":9,"column":5}},"line":6},"1":{"name":"(anonymous_1)","decl":{"start":{"line":11,"column":21},"end":{"line":11,"column":22}},"loc":{"start":{"line":11,"column":42},"end":{"line":11,"column":95}},"line":11}},"branchMap":{},"s":{"0":0,"1":0,"2":0,"3":0,"4":0},"f":{"0":0,"1":0},"b":{}}
,"/Users/goorlavi/workspace/IShabat/App/store/executor.js": {"path":"/Users/goorlavi/workspace/IShabat/App/store/executor.js","statementMap":{"0":{"start":{"line":1,"column":11},"end":{"line":1,"column":24}},"1":{"start":{"line":3,"column":0},"end":{"line":22,"column":3}},"2":{"start":{"line":4,"column":4},"end":{"line":21,"column":5}},"3":{"start":{"line":5,"column":8},"end":{"line":5,"column":25}},"4":{"start":{"line":8,"column":21},"end":{"line":8,"column":31}},"5":{"start":{"line":9,"column":24},"end":{"line":14,"column":10}},"6":{"start":{"line":10,"column":26},"end":{"line":10,"column":40}},"7":{"start":{"line":11,"column":12},"end":{"line":11,"column":47}},"8":{"start":{"line":13,"column":12},"end":{"line":13,"column":66}},"9":{"start":{"line":16,"column":8},"end":{"line":16,"column":39}},"10":{"start":{"line":17,"column":8},"end":{"line":20,"column":11}},"11":{"start":{"line":18,"column":12},"end":{"line":18,"column":31}},"12":{"start":{"line":18,"column":21},"end":{"line":18,"column":31}},"13":{"start":{"line":19,"column":12},"end":{"line":19,"column":48}}},"fnMap":{"0":{"name":"readFileCallback","decl":{"start":{"line":3,"column":51},"end":{"line":3,"column":67}},"loc":{"start":{"line":3,"column":79},"end":{"line":22,"column":1}},"line":3},"1":{"name":"(anonymous_1)","decl":{"start":{"line":9,"column":33},"end":{"line":9,"column":34}},"loc":{"start":{"line":9,"column":51},"end":{"line":14,"column":9}},"line":9},"2":{"name":"(anonymous_2)","decl":{"start":{"line":17,"column":76},"end":{"line":17,"column":77}},"loc":{"start":{"line":17,"column":83},"end":{"line":20,"column":9}},"line":17}},"branchMap":{"0":{"loc":{"start":{"line":4,"column":4},"end":{"line":21,"column":5}},"type":"if","locations":[{"start":{"line":4,"column":4},"end":{"line":21,"column":5}},{"start":{"line":6,"column":11},"end":{"line":21,"column":5}}],"line":4},"1":{"loc":{"start":{"line":18,"column":12},"end":{"line":18,"column":31}},"type":"if","locations":[{"start":{"line":18,"column":12},"end":{"line":18,"column":31}},{"start":{},"end":{}}],"line":18}},"s":{"0":0,"1":0,"2":0,"3":0,"4":0,"5":0,"6":0,"7":0,"8":0,"9":0,"10":0,"11":0,"12":0,"13":0},"f":{"0":0,"1":0,"2":0},"b":{"0":[0,0],"1":[0,0]}}
,"/Users/goorlavi/workspace/IShabat/App/store/nextEvent/helper.js": {"path":"/Users/goorlavi/workspace/IShabat/App/store/nextEvent/helper.js","statementMap":{"0":{"start":{"line":3,"column":32},"end":{"line":6,"column":1}},"1":{"start":{"line":4,"column":18},"end":{"line":4,"column":38}},"2":{"start":{"line":5,"column":2},"end":{"line":5,"column":72}},"3":{"start":{"line":5,"column":30},"end":{"line":5,"column":70}},"4":{"start":{"line":8,"column":29},"end":{"line":10,"column":1}},"5":{"start":{"line":9,"column":2},"end":{"line":9,"column":33}},"6":{"start":{"line":12,"column":30},"end":{"line":15,"column":1}},"7":{"start":{"line":13,"column":18},"end":{"line":13,"column":38}},"8":{"start":{"line":14,"column":2},"end":{"line":14,"column":73}},"9":{"start":{"line":14,"column":30},"end":{"line":14,"column":71}},"10":{"start":{"line":17,"column":33},"end":{"line":20,"column":1}},"11":{"start":{"line":18,"column":21},"end":{"line":18,"column":37}},"12":{"start":{"line":19,"column":2},"end":{"line":19,"column":43}},"13":{"start":{"line":28,"column":45},"end":{"line":45,"column":1}},"14":{"start":{"line":29,"column":2},"end":{"line":29,"column":36}},"15":{"start":{"line":29,"column":23},"end":{"line":29,"column":36}},"16":{"start":{"line":31,"column":23},"end":{"line":31,"column":42}},"17":{"start":{"line":32,"column":2},"end":{"line":32,"column":60}},"18":{"start":{"line":32,"column":47},"end":{"line":32,"column":60}},"19":{"start":{"line":35,"column":20},"end":{"line":35,"column":40}},"20":{"start":{"line":36,"column":27},"end":{"line":36,"column":62}},"21":{"start":{"line":39,"column":27},"end":{"line":39,"column":46}},"22":{"start":{"line":40,"column":2},"end":{"line":40,"column":50}},"23":{"start":{"line":43,"column":14},"end":{"line":43,"column":24}},"24":{"start":{"line":44,"column":2},"end":{"line":44,"column":52}}},"fnMap":{"0":{"name":"(anonymous_0)","decl":{"start":{"line":3,"column":32},"end":{"line":3,"column":33}},"loc":{"start":{"line":3,"column":38},"end":{"line":6,"column":1}},"line":3},"1":{"name":"(anonymous_1)","decl":{"start":{"line":5,"column":23},"end":{"line":5,"column":24}},"loc":{"start":{"line":5,"column":30},"end":{"line":5,"column":70}},"line":5},"2":{"name":"(anonymous_2)","decl":{"start":{"line":8,"column":29},"end":{"line":8,"column":30}},"loc":{"start":{"line":8,"column":35},"end":{"line":10,"column":1}},"line":8},"3":{"name":"(anonymous_3)","decl":{"start":{"line":12,"column":30},"end":{"line":12,"column":31}},"loc":{"start":{"line":12,"column":36},"end":{"line":15,"column":1}},"line":12},"4":{"name":"(anonymous_4)","decl":{"start":{"line":14,"column":23},"end":{"line":14,"column":24}},"loc":{"start":{"line":14,"column":30},"end":{"line":14,"column":71}},"line":14},"5":{"name":"(anonymous_5)","decl":{"start":{"line":17,"column":33},"end":{"line":17,"column":34}},"loc":{"start":{"line":17,"column":39},"end":{"line":20,"column":1}},"line":17},"6":{"name":"(anonymous_6)","decl":{"start":{"line":28,"column":45},"end":{"line":28,"column":46}},"loc":{"start":{"line":28,"column":62},"end":{"line":45,"column":1}},"line":28}},"branchMap":{"0":{"loc":{"start":{"line":29,"column":2},"end":{"line":29,"column":36}},"type":"if","locations":[{"start":{"line":29,"column":2},"end":{"line":29,"column":36}},{"start":{},"end":{}}],"line":29},"1":{"loc":{"start":{"line":29,"column":6},"end":{"line":29,"column":21}},"type":"binary-expr","locations":[{"start":{"line":29,"column":6},"end":{"line":29,"column":12}},{"start":{"line":29,"column":16},"end":{"line":29,"column":21}}],"line":29},"2":{"loc":{"start":{"line":32,"column":2},"end":{"line":32,"column":60}},"type":"if","locations":[{"start":{"line":32,"column":2},"end":{"line":32,"column":60}},{"start":{},"end":{}}],"line":32},"3":{"loc":{"start":{"line":32,"column":6},"end":{"line":32,"column":45}},"type":"binary-expr","locations":[{"start":{"line":32,"column":6},"end":{"line":32,"column":19}},{"start":{"line":32,"column":23},"end":{"line":32,"column":45}}],"line":32}},"s":{"0":1,"1":2,"2":2,"3":134,"4":1,"5":1,"6":1,"7":1,"8":1,"9":67,"10":1,"11":0,"12":0,"13":1,"14":7,"15":2,"16":5,"17":5,"18":1,"19":4,"20":4,"21":4,"22":4,"23":4,"24":4},"f":{"0":2,"1":134,"2":1,"3":1,"4":67,"5":0,"6":7},"b":{"0":[2,5],"1":[7,6],"2":[1,4],"3":[5,5]},"_coverageSchema":"1a1c01bbd47fc00a2c39e90264f33305004495a9","hash":"9e12a974dd4ffb20a956f7c14f85685bf57b21af"}
,"/Users/goorlavi/workspace/IShabat/App/store/nextEvent/nextEvent.js": {"path":"/Users/goorlavi/workspace/IShabat/App/store/nextEvent/nextEvent.js","statementMap":{"0":{"start":{"line":9,"column":21},"end":{"line":9,"column":25}},"1":{"start":{"line":10,"column":16},"end":{"line":10,"column":20}},"2":{"start":{"line":12,"column":19},"end":{"line":19,"column":1}},"3":{"start":{"line":13,"column":2},"end":{"line":15,"column":3}},"4":{"start":{"line":14,"column":4},"end":{"line":14,"column":63}},"5":{"start":{"line":16,"column":2},"end":{"line":18,"column":3}},"6":{"start":{"line":17,"column":4},"end":{"line":17,"column":48}},"7":{"start":{"line":25,"column":27},"end":{"line":45,"column":1}},"8":{"start":{"line":26,"column":2},"end":{"line":44,"column":3}},"9":{"start":{"line":27,"column":4},"end":{"line":27,"column":17}},"10":{"start":{"line":28,"column":26},"end":{"line":28,"column":45}},"11":{"start":{"line":29,"column":21},"end":{"line":29,"column":41}},"12":{"start":{"line":30,"column":47},"end":{"line":30,"column":72}},"13":{"start":{"line":33,"column":4},"end":{"line":41,"column":5}},"14":{"start":{"line":35,"column":28},"end":{"line":35,"column":43}},"15":{"start":{"line":38,"column":6},"end":{"line":40,"column":7}},"16":{"start":{"line":39,"column":8},"end":{"line":39,"column":46}},"17":{"start":{"line":43,"column":4},"end":{"line":43,"column":64}},"18":{"start":{"line":48,"column":20},"end":{"line":48,"column":35}},"19":{"start":{"line":51,"column":2},"end":{"line":51,"column":23}},"20":{"start":{"line":53,"column":2},"end":{"line":66,"column":4}},"21":{"start":{"line":57,"column":6},"end":{"line":57,"column":29}},"22":{"start":{"line":60,"column":6},"end":{"line":60,"column":27}},"23":{"start":{"line":62,"column":24},"end":{"line":62,"column":39}},"24":{"start":{"line":64,"column":6},"end":{"line":64,"column":41}}},"fnMap":{"0":{"name":"(anonymous_0)","decl":{"start":{"line":12,"column":19},"end":{"line":12,"column":20}},"loc":{"start":{"line":12,"column":25},"end":{"line":19,"column":1}},"line":12},"1":{"name":"(anonymous_1)","decl":{"start":{"line":25,"column":27},"end":{"line":25,"column":28}},"loc":{"start":{"line":25,"column":33},"end":{"line":45,"column":1}},"line":25},"2":{"name":"(anonymous_2)","decl":{"start":{"line":47,"column":22},"end":{"line":47,"column":23}},"loc":{"start":{"line":47,"column":31},"end":{"line":67,"column":1}},"line":47},"3":{"name":"(anonymous_3)","decl":{"start":{"line":56,"column":22},"end":{"line":56,"column":23}},"loc":{"start":{"line":56,"column":34},"end":{"line":65,"column":5}},"line":56}},"branchMap":{"0":{"loc":{"start":{"line":13,"column":2},"end":{"line":15,"column":3}},"type":"if","locations":[{"start":{"line":13,"column":2},"end":{"line":15,"column":3}},{"start":{},"end":{}}],"line":13},"1":{"loc":{"start":{"line":16,"column":2},"end":{"line":18,"column":3}},"type":"if","locations":[{"start":{"line":16,"column":2},"end":{"line":18,"column":3}},{"start":{},"end":{}}],"line":16},"2":{"loc":{"start":{"line":33,"column":4},"end":{"line":41,"column":5}},"type":"if","locations":[{"start":{"line":33,"column":4},"end":{"line":41,"column":5}},{"start":{},"end":{}}],"line":33},"3":{"loc":{"start":{"line":33,"column":8},"end":{"line":33,"column":75}},"type":"binary-expr","locations":[{"start":{"line":33,"column":8},"end":{"line":33,"column":21}},{"start":{"line":33,"column":25},"end":{"line":33,"column":75}}],"line":33},"4":{"loc":{"start":{"line":38,"column":6},"end":{"line":40,"column":7}},"type":"if","locations":[{"start":{"line":38,"column":6},"end":{"line":40,"column":7}},{"start":{},"end":{}}],"line":38},"5":{"loc":{"start":{"line":38,"column":10},"end":{"line":38,"column":61}},"type":"binary-expr","locations":[{"start":{"line":38,"column":10},"end":{"line":38,"column":23}},{"start":{"line":38,"column":27},"end":{"line":38,"column":61}}],"line":38}},"s":{"0":1,"1":1,"2":1,"3":5,"4":5,"5":5,"6":5,"7":1,"8":5,"9":5,"10":5,"11":5,"12":0,"13":0,"14":0,"15":0,"16":0,"17":5,"18":1,"19":1,"20":1,"21":4,"22":4,"23":4,"24":4},"f":{"0":5,"1":5,"2":1,"3":4},"b":{"0":[5,0],"1":[5,0],"2":[0,0],"3":[0,0],"4":[0,0],"5":[0,0]},"_coverageSchema":"1a1c01bbd47fc00a2c39e90264f33305004495a9","hash":"23590471d40c3dffbd36da22b902390da82afaec"}
,"/Users/goorlavi/workspace/IShabat/App/store/reminders/reminders.js": {"path":"/Users/goorlavi/workspace/IShabat/App/store/reminders/reminders.js","statementMap":{"0":{"start":{"line":7,"column":19},"end":{"line":63,"column":5}},"1":{"start":{"line":11,"column":28},"end":{"line":16,"column":9}},"2":{"start":{"line":17,"column":8},"end":{"line":19,"column":11}},"3":{"start":{"line":20,"column":8},"end":{"line":20,"column":27}},"4":{"start":{"line":23,"column":8},"end":{"line":27,"column":11}},"5":{"start":{"line":25,"column":12},"end":{"line":25,"column":47}},"6":{"start":{"line":30,"column":8},"end":{"line":30,"column":70}},"7":{"start":{"line":30,"column":55},"end":{"line":30,"column":66}},"8":{"start":{"line":34,"column":26},"end":{"line":34,"column":41}},"9":{"start":{"line":35,"column":8},"end":{"line":37,"column":9}},"10":{"start":{"line":36,"column":10},"end":{"line":36,"column":23}},"11":{"start":{"line":38,"column":8},"end":{"line":38,"column":58}},"12":{"start":{"line":38,"column":38},"end":{"line":38,"column":56}},"13":{"start":{"line":43,"column":26},"end":{"line":43,"column":41}},"14":{"start":{"line":44,"column":8},"end":{"line":46,"column":11}},"15":{"start":{"line":45,"column":43},"end":{"line":45,"column":67}},"16":{"start":{"line":51,"column":31},"end":{"line":51,"column":48}},"17":{"start":{"line":52,"column":8},"end":{"line":56,"column":9}},"18":{"start":{"line":54,"column":10},"end":{"line":54,"column":29}},"19":{"start":{"line":55,"column":10},"end":{"line":55,"column":40}},"20":{"start":{"line":61,"column":8},"end":{"line":61,"column":38}},"21":{"start":{"line":66,"column":24},"end":{"line":66,"column":36}}},"fnMap":{"0":{"name":"(anonymous_0)","decl":{"start":{"line":7,"column":4},"end":{"line":7,"column":5}},"loc":{"start":{"line":7,"column":19},"end":{"line":63,"column":5}},"line":7},"1":{"name":"(anonymous_1)","decl":{"start":{"line":10,"column":19},"end":{"line":10,"column":20}},"loc":{"start":{"line":10,"column":42},"end":{"line":21,"column":7}},"line":10},"2":{"name":"(anonymous_2)","decl":{"start":{"line":22,"column":19},"end":{"line":22,"column":20}},"loc":{"start":{"line":22,"column":47},"end":{"line":28,"column":7}},"line":22},"3":{"name":"(anonymous_3)","decl":{"start":{"line":24,"column":41},"end":{"line":24,"column":42}},"loc":{"start":{"line":25,"column":12},"end":{"line":25,"column":47}},"line":25},"4":{"name":"(anonymous_4)","decl":{"start":{"line":29,"column":22},"end":{"line":29,"column":23}},"loc":{"start":{"line":30,"column":8},"end":{"line":30,"column":70}},"line":30},"5":{"name":"(anonymous_5)","decl":{"start":{"line":30,"column":48},"end":{"line":30,"column":49}},"loc":{"start":{"line":30,"column":55},"end":{"line":30,"column":66}},"line":30},"6":{"name":"(anonymous_6)","decl":{"start":{"line":33,"column":23},"end":{"line":33,"column":24}},"loc":{"start":{"line":33,"column":29},"end":{"line":39,"column":7}},"line":33},"7":{"name":"(anonymous_7)","decl":{"start":{"line":38,"column":31},"end":{"line":38,"column":32}},"loc":{"start":{"line":38,"column":38},"end":{"line":38,"column":56}},"line":38},"8":{"name":"(anonymous_8)","decl":{"start":{"line":42,"column":18},"end":{"line":42,"column":19}},"loc":{"start":{"line":42,"column":24},"end":{"line":47,"column":7}},"line":42},"9":{"name":"(anonymous_9)","decl":{"start":{"line":45,"column":35},"end":{"line":45,"column":36}},"loc":{"start":{"line":45,"column":43},"end":{"line":45,"column":67}},"line":45},"10":{"name":"(anonymous_10)","decl":{"start":{"line":50,"column":25},"end":{"line":50,"column":26}},"loc":{"start":{"line":50,"column":38},"end":{"line":57,"column":7}},"line":50},"11":{"name":"(anonymous_11)","decl":{"start":{"line":60,"column":22},"end":{"line":60,"column":23}},"loc":{"start":{"line":60,"column":35},"end":{"line":62,"column":7}},"line":60},"12":{"name":"(anonymous_12)","decl":{"start":{"line":66,"column":18},"end":{"line":66,"column":19}},"loc":{"start":{"line":66,"column":24},"end":{"line":66,"column":36}},"line":66}},"branchMap":{"0":{"loc":{"start":{"line":10,"column":20},"end":{"line":10,"column":37}},"type":"default-arg","locations":[{"start":{"line":10,"column":35},"end":{"line":10,"column":37}}],"line":10},"1":{"loc":{"start":{"line":18,"column":26},"end":{"line":18,"column":47}},"type":"binary-expr","locations":[{"start":{"line":18,"column":26},"end":{"line":18,"column":41}},{"start":{"line":18,"column":45},"end":{"line":18,"column":47}}],"line":18},"2":{"loc":{"start":{"line":25,"column":12},"end":{"line":25,"column":47}},"type":"cond-expr","locations":[{"start":{"line":25,"column":35},"end":{"line":25,"column":43}},{"start":{"line":25,"column":46},"end":{"line":25,"column":47}}],"line":25},"3":{"loc":{"start":{"line":35,"column":8},"end":{"line":37,"column":9}},"type":"if","locations":[{"start":{"line":35,"column":8},"end":{"line":37,"column":9}},{"start":{},"end":{}}],"line":35},"4":{"loc":{"start":{"line":35,"column":12},"end":{"line":35,"column":48}},"type":"binary-expr","locations":[{"start":{"line":35,"column":12},"end":{"line":35,"column":22}},{"start":{"line":35,"column":26},"end":{"line":35,"column":48}}],"line":35},"5":{"loc":{"start":{"line":52,"column":8},"end":{"line":56,"column":9}},"type":"if","locations":[{"start":{"line":52,"column":8},"end":{"line":56,"column":9}},{"start":{},"end":{}}],"line":52}},"s":{"0":1,"1":17,"2":17,"3":17,"4":0,"5":0,"6":16,"7":22,"8":1,"9":1,"10":1,"11":0,"12":0,"13":0,"14":0,"15":0,"16":0,"17":0,"18":0,"19":0,"20":12,"21":1},"f":{"0":1,"1":17,"2":0,"3":0,"4":16,"5":22,"6":1,"7":0,"8":0,"9":0,"10":0,"11":12,"12":1},"b":{"0":[3],"1":[17,0],"2":[0,0],"3":[1,0],"4":[1,1],"5":[0,0]},"_coverageSchema":"1a1c01bbd47fc00a2c39e90264f33305004495a9","hash":"ad0ddbde325d050fbcf82f86aa236caaec9a909a"}
,"/Users/goorlavi/workspace/IShabat/App/store/user/user.js": {"path":"/Users/goorlavi/workspace/IShabat/App/store/user/user.js","statementMap":{"0":{"start":{"line":8,"column":19},"end":{"line":15,"column":5}},"1":{"start":{"line":12,"column":25},"end":{"line":12,"column":38}},"2":{"start":{"line":13,"column":33},"end":{"line":13,"column":60}},"3":{"start":{"line":14,"column":39},"end":{"line":14,"column":72}},"4":{"start":{"line":18,"column":24},"end":{"line":18,"column":36}}},"fnMap":{"0":{"name":"(anonymous_0)","decl":{"start":{"line":8,"column":4},"end":{"line":8,"column":5}},"loc":{"start":{"line":8,"column":19},"end":{"line":15,"column":5}},"line":8},"1":{"name":"(anonymous_1)","decl":{"start":{"line":12,"column":15},"end":{"line":12,"column":16}},"loc":{"start":{"line":12,"column":25},"end":{"line":12,"column":38}},"line":12},"2":{"name":"(anonymous_2)","decl":{"start":{"line":13,"column":22},"end":{"line":13,"column":23}},"loc":{"start":{"line":13,"column":33},"end":{"line":13,"column":60}},"line":13},"3":{"name":"(anonymous_3)","decl":{"start":{"line":14,"column":28},"end":{"line":14,"column":29}},"loc":{"start":{"line":14,"column":39},"end":{"line":14,"column":72}},"line":14},"4":{"name":"(anonymous_4)","decl":{"start":{"line":18,"column":18},"end":{"line":18,"column":19}},"loc":{"start":{"line":18,"column":24},"end":{"line":18,"column":36}},"line":18}},"branchMap":{},"s":{"0":0,"1":0,"2":0,"3":0,"4":0},"f":{"0":0,"1":0,"2":0,"3":0,"4":0},"b":{}}
,"/Users/goorlavi/workspace/IShabat/App/styles/helper.js": {"path":"/Users/goorlavi/workspace/IShabat/App/styles/helper.js","statementMap":{"0":{"start":{"line":3,"column":24},"end":{"line":3,"column":35}},"1":{"start":{"line":3,"column":30},"end":{"line":3,"column":35}},"2":{"start":{"line":5,"column":24},"end":{"line":8,"column":1}},"3":{"start":{"line":6,"column":18},"end":{"line":6,"column":28}},"4":{"start":{"line":7,"column":4},"end":{"line":7,"column":36}}},"fnMap":{"0":{"name":"(anonymous_0)","decl":{"start":{"line":3,"column":24},"end":{"line":3,"column":25}},"loc":{"start":{"line":3,"column":30},"end":{"line":3,"column":35}},"line":3},"1":{"name":"(anonymous_1)","decl":{"start":{"line":5,"column":24},"end":{"line":5,"column":25}},"loc":{"start":{"line":5,"column":50},"end":{"line":8,"column":1}},"line":5}},"branchMap":{"0":{"loc":{"start":{"line":5,"column":32},"end":{"line":5,"column":45}},"type":"default-arg","locations":[{"start":{"line":5,"column":39},"end":{"line":5,"column":45}}],"line":5}},"s":{"0":0,"1":0,"2":0,"3":0,"4":0},"f":{"0":0,"1":0},"b":{"0":[0]}}
,"/Users/goorlavi/workspace/IShabat/App/styles/theme.js": {"path":"/Users/goorlavi/workspace/IShabat/App/styles/theme.js","statementMap":{},"fnMap":{},"branchMap":{},"s":{},"f":{},"b":{}}
}
